11:09:24 INFO  : Registering command handlers for SDK TCF services
11:09:25 INFO  : Launching XSCT server: xsct.bat -interactive C:\Users\Twaga\ECE421\XADC_DMA_FFTredo\XADC_PS.sdk\temp_xsdb_launch_script.tcl
11:09:27 INFO  : XSCT server has started successfully.
11:09:27 INFO  : Successfully done setting XSCT server connection channel  
11:09:27 INFO  : Successfully done setting SDK workspace  
11:09:27 INFO  : Processing command line option -hwspec C:/Users/Twaga/ECE421/XADC_DMA_FFTredo/XADC_PS.sdk/XADC_PS_wrapper.hdf.
12:48:20 INFO  : Connected to target on host '127.0.0.1' and port '3121'.
12:48:20 INFO  : 'targets -set -filter {jtag_cable_name =~ "Digilent Zed 210248570895" && level==0} -index 1' command is executed.
12:48:23 INFO  : FPGA configured successfully with bitstream "C:/Users/Twaga/ECE421/XADC_DMA_FFTredo/XADC_PS.sdk/XADC_PS_wrapper_hw_platform_0/XADC_PS_wrapper.bit"
12:48:35 INFO  : 'targets -set -filter {jtag_cable_name =~ "Digilent Zed 210248570895" && level==0} -index 1' command is executed.
12:48:35 INFO  : 'fpga -state' command is executed.
12:48:35 INFO  : Connected to target on host '127.0.0.1' and port '3121'.
12:48:35 INFO  : Jtag cable 'Digilent Zed 210248570895' is selected.
12:48:35 INFO  : 'jtag frequency' command is executed.
12:48:35 INFO  : Sourcing of 'C:/Users/Twaga/ECE421/XADC_DMA_FFTredo/XADC_PS.sdk/XADC_PS_wrapper_hw_platform_0/ps7_init.tcl' is done.
12:48:35 INFO  : Context for 'APU' is selected.
12:48:35 INFO  : Hardware design information is loaded from 'C:/Users/Twaga/ECE421/XADC_DMA_FFTredo/XADC_PS.sdk/XADC_PS_wrapper_hw_platform_0/system.hdf'.
12:48:35 INFO  : 'configparams force-mem-access 1' command is executed.
12:48:35 INFO  : Context for 'APU' is selected.
12:48:35 INFO  : 'stop' command is executed.
12:48:36 INFO  : 'ps7_init' command is executed.
12:48:36 INFO  : 'ps7_post_config' command is executed.
12:48:36 INFO  : Context for processor 'ps7_cortexa9_0' is selected.
12:48:36 INFO  : Processor reset is completed for 'ps7_cortexa9_0'.
12:48:36 INFO  : Context for processor 'ps7_cortexa9_0' is selected.
12:48:37 INFO  : The application 'C:/Users/Twaga/ECE421/XADC_DMA_FFTredo/XADC_PS.sdk/xadc_dma_fft/Debug/xadc_dma_fft.elf' is downloaded to processor 'ps7_cortexa9_0'.
12:48:37 INFO  : 'configparams force-mem-access 0' command is executed.
12:48:37 INFO  : ----------------XSDB Script----------------
connect -url tcp:127.0.0.1:3121
source C:/Users/Twaga/ECE421/XADC_DMA_FFTredo/XADC_PS.sdk/XADC_PS_wrapper_hw_platform_0/ps7_init.tcl
targets -set -nocase -filter {name =~"APU*" && jtag_cable_name =~ "Digilent Zed 210248570895"} -index 0
loadhw -hw C:/Users/Twaga/ECE421/XADC_DMA_FFTredo/XADC_PS.sdk/XADC_PS_wrapper_hw_platform_0/system.hdf -mem-ranges [list {0x40000000 0xbfffffff}]
configparams force-mem-access 1
targets -set -nocase -filter {name =~"APU*" && jtag_cable_name =~ "Digilent Zed 210248570895"} -index 0
stop
ps7_init
ps7_post_config
targets -set -nocase -filter {name =~ "ARM*#0" && jtag_cable_name =~ "Digilent Zed 210248570895"} -index 0
rst -processor
targets -set -nocase -filter {name =~ "ARM*#0" && jtag_cable_name =~ "Digilent Zed 210248570895"} -index 0
dow C:/Users/Twaga/ECE421/XADC_DMA_FFTredo/XADC_PS.sdk/xadc_dma_fft/Debug/xadc_dma_fft.elf
configparams force-mem-access 0
----------------End of Script----------------

12:48:37 INFO  : Context for processor 'ps7_cortexa9_0' is selected.
12:48:37 INFO  : 'con' command is executed.
12:48:37 INFO  : ----------------XSDB Script (After Launch)----------------
targets -set -nocase -filter {name =~ "ARM*#0" && jtag_cable_name =~ "Digilent Zed 210248570895"} -index 0
con
----------------End of Script----------------

12:48:37 INFO  : Disconnected from the channel tcfchan#1.
12:50:44 INFO  : 'targets -set -filter {jtag_cable_name =~ "Digilent Zed 210248570895" && level==0} -index 1' command is executed.
12:50:44 INFO  : 'fpga -state' command is executed.
12:50:44 INFO  : Connected to target on host '127.0.0.1' and port '3121'.
12:50:44 INFO  : Jtag cable 'Digilent Zed 210248570895' is selected.
12:50:44 INFO  : 'jtag frequency' command is executed.
12:50:44 INFO  : Sourcing of 'C:/Users/Twaga/ECE421/XADC_DMA_FFTredo/XADC_PS.sdk/XADC_PS_wrapper_hw_platform_0/ps7_init.tcl' is done.
12:50:44 INFO  : Context for 'APU' is selected.
12:50:46 INFO  : Hardware design information is loaded from 'C:/Users/Twaga/ECE421/XADC_DMA_FFTredo/XADC_PS.sdk/XADC_PS_wrapper_hw_platform_0/system.hdf'.
12:50:46 INFO  : 'configparams force-mem-access 1' command is executed.
12:50:46 INFO  : Context for 'APU' is selected.
12:50:46 INFO  : 'stop' command is executed.
12:50:47 INFO  : 'ps7_init' command is executed.
12:50:47 INFO  : 'ps7_post_config' command is executed.
12:50:47 INFO  : Context for processor 'ps7_cortexa9_0' is selected.
12:50:47 INFO  : Processor reset is completed for 'ps7_cortexa9_0'.
12:50:47 INFO  : Context for processor 'ps7_cortexa9_0' is selected.
12:50:47 INFO  : The application 'C:/Users/Twaga/ECE421/XADC_DMA_FFTredo/XADC_PS.sdk/xadc_dma_fft/Debug/xadc_dma_fft.elf' is downloaded to processor 'ps7_cortexa9_0'.
12:50:47 INFO  : 'configparams force-mem-access 0' command is executed.
12:50:47 INFO  : ----------------XSDB Script----------------
connect -url tcp:127.0.0.1:3121
source C:/Users/Twaga/ECE421/XADC_DMA_FFTredo/XADC_PS.sdk/XADC_PS_wrapper_hw_platform_0/ps7_init.tcl
targets -set -nocase -filter {name =~"APU*" && jtag_cable_name =~ "Digilent Zed 210248570895"} -index 0
loadhw -hw C:/Users/Twaga/ECE421/XADC_DMA_FFTredo/XADC_PS.sdk/XADC_PS_wrapper_hw_platform_0/system.hdf -mem-ranges [list {0x40000000 0xbfffffff}]
configparams force-mem-access 1
targets -set -nocase -filter {name =~"APU*" && jtag_cable_name =~ "Digilent Zed 210248570895"} -index 0
stop
ps7_init
ps7_post_config
targets -set -nocase -filter {name =~ "ARM*#0" && jtag_cable_name =~ "Digilent Zed 210248570895"} -index 0
rst -processor
targets -set -nocase -filter {name =~ "ARM*#0" && jtag_cable_name =~ "Digilent Zed 210248570895"} -index 0
dow C:/Users/Twaga/ECE421/XADC_DMA_FFTredo/XADC_PS.sdk/xadc_dma_fft/Debug/xadc_dma_fft.elf
configparams force-mem-access 0
----------------End of Script----------------

12:50:48 INFO  : Context for processor 'ps7_cortexa9_0' is selected.
12:50:48 INFO  : 'con' command is executed.
12:50:48 INFO  : ----------------XSDB Script (After Launch)----------------
targets -set -nocase -filter {name =~ "ARM*#0" && jtag_cable_name =~ "Digilent Zed 210248570895"} -index 0
con
----------------End of Script----------------

12:50:48 INFO  : Disconnected from the channel tcfchan#2.
12:53:27 INFO  : 'targets -set -filter {jtag_cable_name =~ "Digilent Zed 210248570895" && level==0} -index 1' command is executed.
12:53:27 INFO  : 'fpga -state' command is executed.
12:53:27 INFO  : Connected to target on host '127.0.0.1' and port '3121'.
12:53:27 INFO  : Jtag cable 'Digilent Zed 210248570895' is selected.
12:53:27 INFO  : 'jtag frequency' command is executed.
12:53:27 INFO  : Sourcing of 'C:/Users/Twaga/ECE421/XADC_DMA_FFTredo/XADC_PS.sdk/XADC_PS_wrapper_hw_platform_0/ps7_init.tcl' is done.
12:53:28 INFO  : Context for 'APU' is selected.
12:53:31 INFO  : Hardware design information is loaded from 'C:/Users/Twaga/ECE421/XADC_DMA_FFTredo/XADC_PS.sdk/XADC_PS_wrapper_hw_platform_0/system.hdf'.
12:53:31 INFO  : 'configparams force-mem-access 1' command is executed.
12:53:31 INFO  : Context for 'APU' is selected.
12:53:31 INFO  : 'stop' command is executed.
12:53:32 INFO  : 'ps7_init' command is executed.
12:53:32 INFO  : 'ps7_post_config' command is executed.
12:53:32 INFO  : Context for processor 'ps7_cortexa9_0' is selected.
12:53:32 INFO  : Processor reset is completed for 'ps7_cortexa9_0'.
12:53:33 INFO  : Context for processor 'ps7_cortexa9_0' is selected.
12:53:33 INFO  : The application 'C:/Users/Twaga/ECE421/XADC_DMA_FFTredo/XADC_PS.sdk/xadc_dma_fft/Debug/xadc_dma_fft.elf' is downloaded to processor 'ps7_cortexa9_0'.
12:53:33 INFO  : 'configparams force-mem-access 0' command is executed.
12:53:33 INFO  : ----------------XSDB Script----------------
connect -url tcp:127.0.0.1:3121
source C:/Users/Twaga/ECE421/XADC_DMA_FFTredo/XADC_PS.sdk/XADC_PS_wrapper_hw_platform_0/ps7_init.tcl
targets -set -nocase -filter {name =~"APU*" && jtag_cable_name =~ "Digilent Zed 210248570895"} -index 0
loadhw -hw C:/Users/Twaga/ECE421/XADC_DMA_FFTredo/XADC_PS.sdk/XADC_PS_wrapper_hw_platform_0/system.hdf -mem-ranges [list {0x40000000 0xbfffffff}]
configparams force-mem-access 1
targets -set -nocase -filter {name =~"APU*" && jtag_cable_name =~ "Digilent Zed 210248570895"} -index 0
stop
ps7_init
ps7_post_config
targets -set -nocase -filter {name =~ "ARM*#0" && jtag_cable_name =~ "Digilent Zed 210248570895"} -index 0
rst -processor
targets -set -nocase -filter {name =~ "ARM*#0" && jtag_cable_name =~ "Digilent Zed 210248570895"} -index 0
dow C:/Users/Twaga/ECE421/XADC_DMA_FFTredo/XADC_PS.sdk/xadc_dma_fft/Debug/xadc_dma_fft.elf
configparams force-mem-access 0
----------------End of Script----------------

12:53:33 INFO  : Context for processor 'ps7_cortexa9_0' is selected.
12:53:33 INFO  : 'con' command is executed.
12:53:33 INFO  : ----------------XSDB Script (After Launch)----------------
targets -set -nocase -filter {name =~ "ARM*#0" && jtag_cable_name =~ "Digilent Zed 210248570895"} -index 0
con
----------------End of Script----------------

12:53:33 INFO  : Disconnected from the channel tcfchan#3.
12:53:58 INFO  : 'targets -set -filter {jtag_cable_name =~ "Digilent Zed 210248570895" && level==0} -index 1' command is executed.
12:53:58 INFO  : 'fpga -state' command is executed.
12:53:58 INFO  : Connected to target on host '127.0.0.1' and port '3121'.
12:53:59 INFO  : Jtag cable 'Digilent Zed 210248570895' is selected.
12:53:59 INFO  : 'jtag frequency' command is executed.
12:53:59 INFO  : Sourcing of 'C:/Users/Twaga/ECE421/XADC_DMA_FFTredo/XADC_PS.sdk/XADC_PS_wrapper_hw_platform_0/ps7_init.tcl' is done.
12:53:59 INFO  : Context for 'APU' is selected.
12:54:01 INFO  : Hardware design information is loaded from 'C:/Users/Twaga/ECE421/XADC_DMA_FFTredo/XADC_PS.sdk/XADC_PS_wrapper_hw_platform_0/system.hdf'.
12:54:01 INFO  : 'configparams force-mem-access 1' command is executed.
12:54:01 INFO  : Context for 'APU' is selected.
12:54:01 INFO  : 'stop' command is executed.
12:54:01 INFO  : 'ps7_init' command is executed.
12:54:01 INFO  : 'ps7_post_config' command is executed.
12:54:01 INFO  : Context for processor 'ps7_cortexa9_0' is selected.
12:54:01 INFO  : Processor reset is completed for 'ps7_cortexa9_0'.
12:54:01 INFO  : Context for processor 'ps7_cortexa9_0' is selected.
12:54:02 INFO  : The application 'C:/Users/Twaga/ECE421/XADC_DMA_FFTredo/XADC_PS.sdk/xadc_dma_fft/Debug/xadc_dma_fft.elf' is downloaded to processor 'ps7_cortexa9_0'.
12:54:02 INFO  : 'configparams force-mem-access 0' command is executed.
12:54:02 INFO  : ----------------XSDB Script----------------
connect -url tcp:127.0.0.1:3121
source C:/Users/Twaga/ECE421/XADC_DMA_FFTredo/XADC_PS.sdk/XADC_PS_wrapper_hw_platform_0/ps7_init.tcl
targets -set -nocase -filter {name =~"APU*" && jtag_cable_name =~ "Digilent Zed 210248570895"} -index 0
loadhw -hw C:/Users/Twaga/ECE421/XADC_DMA_FFTredo/XADC_PS.sdk/XADC_PS_wrapper_hw_platform_0/system.hdf -mem-ranges [list {0x40000000 0xbfffffff}]
configparams force-mem-access 1
targets -set -nocase -filter {name =~"APU*" && jtag_cable_name =~ "Digilent Zed 210248570895"} -index 0
stop
ps7_init
ps7_post_config
targets -set -nocase -filter {name =~ "ARM*#0" && jtag_cable_name =~ "Digilent Zed 210248570895"} -index 0
rst -processor
targets -set -nocase -filter {name =~ "ARM*#0" && jtag_cable_name =~ "Digilent Zed 210248570895"} -index 0
dow C:/Users/Twaga/ECE421/XADC_DMA_FFTredo/XADC_PS.sdk/xadc_dma_fft/Debug/xadc_dma_fft.elf
configparams force-mem-access 0
----------------End of Script----------------

12:54:02 INFO  : Context for processor 'ps7_cortexa9_0' is selected.
12:54:02 INFO  : 'con' command is executed.
12:54:02 INFO  : ----------------XSDB Script (After Launch)----------------
targets -set -nocase -filter {name =~ "ARM*#0" && jtag_cable_name =~ "Digilent Zed 210248570895"} -index 0
con
----------------End of Script----------------

12:54:02 INFO  : Disconnected from the channel tcfchan#4.
12:55:07 INFO  : Connected to target on host '127.0.0.1' and port '3121'.
12:55:07 INFO  : 'targets -set -filter {jtag_cable_name =~ "Digilent Zed 210248570895" && level==0} -index 1' command is executed.
12:55:09 INFO  : FPGA configured successfully with bitstream "C:/Users/Twaga/ECE421/XADC_DMA_FFTredo/XADC_PS.sdk/XADC_PS_wrapper_hw_platform_0/XADC_PS_wrapper.bit"
12:55:38 INFO  : 'targets -set -filter {jtag_cable_name =~ "Digilent Zed 210248570895" && level==0} -index 1' command is executed.
12:55:38 INFO  : 'fpga -state' command is executed.
12:55:38 INFO  : Connected to target on host '127.0.0.1' and port '3121'.
12:55:38 INFO  : Jtag cable 'Digilent Zed 210248570895' is selected.
12:55:38 INFO  : 'jtag frequency' command is executed.
12:55:38 INFO  : Sourcing of 'C:/Users/Twaga/ECE421/XADC_DMA_FFTredo/XADC_PS.sdk/XADC_PS_wrapper_hw_platform_0/ps7_init.tcl' is done.
12:55:38 INFO  : Context for 'APU' is selected.
12:55:38 INFO  : Hardware design information is loaded from 'C:/Users/Twaga/ECE421/XADC_DMA_FFTredo/XADC_PS.sdk/XADC_PS_wrapper_hw_platform_0/system.hdf'.
12:55:38 INFO  : 'configparams force-mem-access 1' command is executed.
12:55:38 INFO  : Context for 'APU' is selected.
12:55:38 INFO  : 'stop' command is executed.
12:55:39 INFO  : 'ps7_init' command is executed.
12:55:39 INFO  : 'ps7_post_config' command is executed.
12:55:39 INFO  : Context for processor 'ps7_cortexa9_0' is selected.
12:55:39 INFO  : Processor reset is completed for 'ps7_cortexa9_0'.
12:55:39 INFO  : Context for processor 'ps7_cortexa9_0' is selected.
12:55:39 INFO  : The application 'C:/Users/Twaga/ECE421/XADC_DMA_FFTredo/XADC_PS.sdk/xadc_dma_fft/Debug/xadc_dma_fft.elf' is downloaded to processor 'ps7_cortexa9_0'.
12:55:39 INFO  : 'configparams force-mem-access 0' command is executed.
12:55:39 INFO  : ----------------XSDB Script----------------
connect -url tcp:127.0.0.1:3121
source C:/Users/Twaga/ECE421/XADC_DMA_FFTredo/XADC_PS.sdk/XADC_PS_wrapper_hw_platform_0/ps7_init.tcl
targets -set -nocase -filter {name =~"APU*" && jtag_cable_name =~ "Digilent Zed 210248570895"} -index 0
loadhw -hw C:/Users/Twaga/ECE421/XADC_DMA_FFTredo/XADC_PS.sdk/XADC_PS_wrapper_hw_platform_0/system.hdf -mem-ranges [list {0x40000000 0xbfffffff}]
configparams force-mem-access 1
targets -set -nocase -filter {name =~"APU*" && jtag_cable_name =~ "Digilent Zed 210248570895"} -index 0
stop
ps7_init
ps7_post_config
targets -set -nocase -filter {name =~ "ARM*#0" && jtag_cable_name =~ "Digilent Zed 210248570895"} -index 0
rst -processor
targets -set -nocase -filter {name =~ "ARM*#0" && jtag_cable_name =~ "Digilent Zed 210248570895"} -index 0
dow C:/Users/Twaga/ECE421/XADC_DMA_FFTredo/XADC_PS.sdk/xadc_dma_fft/Debug/xadc_dma_fft.elf
configparams force-mem-access 0
----------------End of Script----------------

12:55:39 INFO  : Context for processor 'ps7_cortexa9_0' is selected.
12:55:39 INFO  : 'con' command is executed.
12:55:39 INFO  : ----------------XSDB Script (After Launch)----------------
targets -set -nocase -filter {name =~ "ARM*#0" && jtag_cable_name =~ "Digilent Zed 210248570895"} -index 0
con
----------------End of Script----------------

12:55:39 INFO  : Disconnected from the channel tcfchan#5.
12:56:29 INFO  : 'targets -set -filter {jtag_cable_name =~ "Digilent Zed 210248570895" && level==0} -index 1' command is executed.
12:56:29 INFO  : 'fpga -state' command is executed.
12:56:29 INFO  : Connected to target on host '127.0.0.1' and port '3121'.
12:56:29 INFO  : Jtag cable 'Digilent Zed 210248570895' is selected.
12:56:29 INFO  : 'jtag frequency' command is executed.
12:56:29 INFO  : Sourcing of 'C:/Users/Twaga/ECE421/XADC_DMA_FFTredo/XADC_PS.sdk/XADC_PS_wrapper_hw_platform_0/ps7_init.tcl' is done.
12:56:29 INFO  : Context for 'APU' is selected.
12:56:31 INFO  : Hardware design information is loaded from 'C:/Users/Twaga/ECE421/XADC_DMA_FFTredo/XADC_PS.sdk/XADC_PS_wrapper_hw_platform_0/system.hdf'.
12:56:31 INFO  : 'configparams force-mem-access 1' command is executed.
12:56:31 INFO  : Context for 'APU' is selected.
12:56:31 INFO  : 'stop' command is executed.
12:56:32 INFO  : 'ps7_init' command is executed.
12:56:32 INFO  : 'ps7_post_config' command is executed.
12:56:32 INFO  : Context for processor 'ps7_cortexa9_0' is selected.
12:56:32 INFO  : Processor reset is completed for 'ps7_cortexa9_0'.
12:56:32 INFO  : Context for processor 'ps7_cortexa9_0' is selected.
12:56:32 INFO  : The application 'C:/Users/Twaga/ECE421/XADC_DMA_FFTredo/XADC_PS.sdk/xadc_dma_fft/Debug/xadc_dma_fft.elf' is downloaded to processor 'ps7_cortexa9_0'.
12:56:32 INFO  : 'configparams force-mem-access 0' command is executed.
12:56:32 INFO  : ----------------XSDB Script----------------
connect -url tcp:127.0.0.1:3121
source C:/Users/Twaga/ECE421/XADC_DMA_FFTredo/XADC_PS.sdk/XADC_PS_wrapper_hw_platform_0/ps7_init.tcl
targets -set -nocase -filter {name =~"APU*" && jtag_cable_name =~ "Digilent Zed 210248570895"} -index 0
loadhw -hw C:/Users/Twaga/ECE421/XADC_DMA_FFTredo/XADC_PS.sdk/XADC_PS_wrapper_hw_platform_0/system.hdf -mem-ranges [list {0x40000000 0xbfffffff}]
configparams force-mem-access 1
targets -set -nocase -filter {name =~"APU*" && jtag_cable_name =~ "Digilent Zed 210248570895"} -index 0
stop
ps7_init
ps7_post_config
targets -set -nocase -filter {name =~ "ARM*#0" && jtag_cable_name =~ "Digilent Zed 210248570895"} -index 0
rst -processor
targets -set -nocase -filter {name =~ "ARM*#0" && jtag_cable_name =~ "Digilent Zed 210248570895"} -index 0
dow C:/Users/Twaga/ECE421/XADC_DMA_FFTredo/XADC_PS.sdk/xadc_dma_fft/Debug/xadc_dma_fft.elf
configparams force-mem-access 0
----------------End of Script----------------

12:56:32 INFO  : Context for processor 'ps7_cortexa9_0' is selected.
12:56:32 INFO  : 'con' command is executed.
12:56:32 INFO  : ----------------XSDB Script (After Launch)----------------
targets -set -nocase -filter {name =~ "ARM*#0" && jtag_cable_name =~ "Digilent Zed 210248570895"} -index 0
con
----------------End of Script----------------

12:56:32 INFO  : Disconnected from the channel tcfchan#6.
12:57:06 INFO  : 'targets -set -filter {jtag_cable_name =~ "Digilent Zed 210248570895" && level==0} -index 1' command is executed.
12:57:06 INFO  : 'fpga -state' command is executed.
12:57:06 INFO  : Connected to target on host '127.0.0.1' and port '3121'.
12:57:07 INFO  : Jtag cable 'Digilent Zed 210248570895' is selected.
12:57:07 INFO  : 'jtag frequency' command is executed.
12:57:07 INFO  : Sourcing of 'C:/Users/Twaga/ECE421/XADC_DMA_FFTredo/XADC_PS.sdk/XADC_PS_wrapper_hw_platform_0/ps7_init.tcl' is done.
12:57:07 INFO  : Context for 'APU' is selected.
12:57:12 INFO  : Hardware design information is loaded from 'C:/Users/Twaga/ECE421/XADC_DMA_FFTredo/XADC_PS.sdk/XADC_PS_wrapper_hw_platform_0/system.hdf'.
12:57:12 INFO  : 'configparams force-mem-access 1' command is executed.
12:57:12 INFO  : Context for 'APU' is selected.
12:57:12 INFO  : 'stop' command is executed.
12:57:13 INFO  : 'ps7_init' command is executed.
12:57:13 INFO  : 'ps7_post_config' command is executed.
12:57:13 INFO  : Context for processor 'ps7_cortexa9_0' is selected.
12:57:13 INFO  : Processor reset is completed for 'ps7_cortexa9_0'.
12:57:13 INFO  : Context for processor 'ps7_cortexa9_0' is selected.
12:57:13 INFO  : The application 'C:/Users/Twaga/ECE421/XADC_DMA_FFTredo/XADC_PS.sdk/xadc_dma_fft/Debug/xadc_dma_fft.elf' is downloaded to processor 'ps7_cortexa9_0'.
12:57:13 INFO  : 'configparams force-mem-access 0' command is executed.
12:57:13 INFO  : ----------------XSDB Script----------------
connect -url tcp:127.0.0.1:3121
source C:/Users/Twaga/ECE421/XADC_DMA_FFTredo/XADC_PS.sdk/XADC_PS_wrapper_hw_platform_0/ps7_init.tcl
targets -set -nocase -filter {name =~"APU*" && jtag_cable_name =~ "Digilent Zed 210248570895"} -index 0
loadhw -hw C:/Users/Twaga/ECE421/XADC_DMA_FFTredo/XADC_PS.sdk/XADC_PS_wrapper_hw_platform_0/system.hdf -mem-ranges [list {0x40000000 0xbfffffff}]
configparams force-mem-access 1
targets -set -nocase -filter {name =~"APU*" && jtag_cable_name =~ "Digilent Zed 210248570895"} -index 0
stop
ps7_init
ps7_post_config
targets -set -nocase -filter {name =~ "ARM*#0" && jtag_cable_name =~ "Digilent Zed 210248570895"} -index 0
rst -processor
targets -set -nocase -filter {name =~ "ARM*#0" && jtag_cable_name =~ "Digilent Zed 210248570895"} -index 0
dow C:/Users/Twaga/ECE421/XADC_DMA_FFTredo/XADC_PS.sdk/xadc_dma_fft/Debug/xadc_dma_fft.elf
configparams force-mem-access 0
----------------End of Script----------------

12:57:14 INFO  : Context for processor 'ps7_cortexa9_0' is selected.
12:57:14 INFO  : 'con' command is executed.
12:57:14 INFO  : ----------------XSDB Script (After Launch)----------------
targets -set -nocase -filter {name =~ "ARM*#0" && jtag_cable_name =~ "Digilent Zed 210248570895"} -index 0
con
----------------End of Script----------------

12:57:14 INFO  : Disconnected from the channel tcfchan#7.
12:57:44 INFO  : 'targets -set -filter {jtag_cable_name =~ "Digilent Zed 210248570895" && level==0} -index 1' command is executed.
12:57:44 INFO  : 'fpga -state' command is executed.
12:57:44 INFO  : Connected to target on host '127.0.0.1' and port '3121'.
12:57:45 INFO  : Jtag cable 'Digilent Zed 210248570895' is selected.
12:57:45 INFO  : 'jtag frequency' command is executed.
12:57:45 INFO  : Sourcing of 'C:/Users/Twaga/ECE421/XADC_DMA_FFTredo/XADC_PS.sdk/XADC_PS_wrapper_hw_platform_0/ps7_init.tcl' is done.
12:57:45 INFO  : Context for 'APU' is selected.
12:57:46 INFO  : Hardware design information is loaded from 'C:/Users/Twaga/ECE421/XADC_DMA_FFTredo/XADC_PS.sdk/XADC_PS_wrapper_hw_platform_0/system.hdf'.
12:57:46 INFO  : 'configparams force-mem-access 1' command is executed.
12:57:46 INFO  : Context for 'APU' is selected.
12:57:47 INFO  : 'stop' command is executed.
12:57:47 INFO  : 'ps7_init' command is executed.
12:57:47 INFO  : 'ps7_post_config' command is executed.
12:57:47 INFO  : Context for processor 'ps7_cortexa9_0' is selected.
12:57:47 INFO  : Processor reset is completed for 'ps7_cortexa9_0'.
12:57:47 INFO  : Context for processor 'ps7_cortexa9_0' is selected.
12:57:48 INFO  : The application 'C:/Users/Twaga/ECE421/XADC_DMA_FFTredo/XADC_PS.sdk/xadc_dma_fft/Debug/xadc_dma_fft.elf' is downloaded to processor 'ps7_cortexa9_0'.
12:57:48 INFO  : 'configparams force-mem-access 0' command is executed.
12:57:48 INFO  : ----------------XSDB Script----------------
connect -url tcp:127.0.0.1:3121
source C:/Users/Twaga/ECE421/XADC_DMA_FFTredo/XADC_PS.sdk/XADC_PS_wrapper_hw_platform_0/ps7_init.tcl
targets -set -nocase -filter {name =~"APU*" && jtag_cable_name =~ "Digilent Zed 210248570895"} -index 0
loadhw -hw C:/Users/Twaga/ECE421/XADC_DMA_FFTredo/XADC_PS.sdk/XADC_PS_wrapper_hw_platform_0/system.hdf -mem-ranges [list {0x40000000 0xbfffffff}]
configparams force-mem-access 1
targets -set -nocase -filter {name =~"APU*" && jtag_cable_name =~ "Digilent Zed 210248570895"} -index 0
stop
ps7_init
ps7_post_config
targets -set -nocase -filter {name =~ "ARM*#0" && jtag_cable_name =~ "Digilent Zed 210248570895"} -index 0
rst -processor
targets -set -nocase -filter {name =~ "ARM*#0" && jtag_cable_name =~ "Digilent Zed 210248570895"} -index 0
dow C:/Users/Twaga/ECE421/XADC_DMA_FFTredo/XADC_PS.sdk/xadc_dma_fft/Debug/xadc_dma_fft.elf
configparams force-mem-access 0
----------------End of Script----------------

12:57:48 INFO  : Context for processor 'ps7_cortexa9_0' is selected.
12:57:48 INFO  : 'con' command is executed.
12:57:48 INFO  : ----------------XSDB Script (After Launch)----------------
targets -set -nocase -filter {name =~ "ARM*#0" && jtag_cable_name =~ "Digilent Zed 210248570895"} -index 0
con
----------------End of Script----------------

12:57:48 INFO  : Disconnected from the channel tcfchan#8.
12:59:30 INFO  : 'targets -set -filter {jtag_cable_name =~ "Digilent Zed 210248570895" && level==0} -index 1' command is executed.
12:59:30 INFO  : 'fpga -state' command is executed.
12:59:30 INFO  : Connected to target on host '127.0.0.1' and port '3121'.
12:59:31 INFO  : Jtag cable 'Digilent Zed 210248570895' is selected.
12:59:31 INFO  : 'jtag frequency' command is executed.
12:59:31 INFO  : Sourcing of 'C:/Users/Twaga/ECE421/XADC_DMA_FFTredo/XADC_PS.sdk/XADC_PS_wrapper_hw_platform_0/ps7_init.tcl' is done.
12:59:31 INFO  : Context for 'APU' is selected.
12:59:33 INFO  : Hardware design information is loaded from 'C:/Users/Twaga/ECE421/XADC_DMA_FFTredo/XADC_PS.sdk/XADC_PS_wrapper_hw_platform_0/system.hdf'.
12:59:33 INFO  : 'configparams force-mem-access 1' command is executed.
12:59:33 INFO  : Context for 'APU' is selected.
12:59:33 INFO  : 'stop' command is executed.
12:59:33 INFO  : 'ps7_init' command is executed.
12:59:33 INFO  : 'ps7_post_config' command is executed.
12:59:33 INFO  : Context for processor 'ps7_cortexa9_0' is selected.
12:59:34 INFO  : Processor reset is completed for 'ps7_cortexa9_0'.
12:59:34 INFO  : Context for processor 'ps7_cortexa9_0' is selected.
12:59:34 INFO  : The application 'C:/Users/Twaga/ECE421/XADC_DMA_FFTredo/XADC_PS.sdk/xadc_dma_fft/Debug/xadc_dma_fft.elf' is downloaded to processor 'ps7_cortexa9_0'.
12:59:34 INFO  : 'configparams force-mem-access 0' command is executed.
12:59:34 INFO  : ----------------XSDB Script----------------
connect -url tcp:127.0.0.1:3121
source C:/Users/Twaga/ECE421/XADC_DMA_FFTredo/XADC_PS.sdk/XADC_PS_wrapper_hw_platform_0/ps7_init.tcl
targets -set -nocase -filter {name =~"APU*" && jtag_cable_name =~ "Digilent Zed 210248570895"} -index 0
loadhw -hw C:/Users/Twaga/ECE421/XADC_DMA_FFTredo/XADC_PS.sdk/XADC_PS_wrapper_hw_platform_0/system.hdf -mem-ranges [list {0x40000000 0xbfffffff}]
configparams force-mem-access 1
targets -set -nocase -filter {name =~"APU*" && jtag_cable_name =~ "Digilent Zed 210248570895"} -index 0
stop
ps7_init
ps7_post_config
targets -set -nocase -filter {name =~ "ARM*#0" && jtag_cable_name =~ "Digilent Zed 210248570895"} -index 0
rst -processor
targets -set -nocase -filter {name =~ "ARM*#0" && jtag_cable_name =~ "Digilent Zed 210248570895"} -index 0
dow C:/Users/Twaga/ECE421/XADC_DMA_FFTredo/XADC_PS.sdk/xadc_dma_fft/Debug/xadc_dma_fft.elf
configparams force-mem-access 0
----------------End of Script----------------

12:59:34 INFO  : Context for processor 'ps7_cortexa9_0' is selected.
12:59:34 INFO  : 'con' command is executed.
12:59:34 INFO  : ----------------XSDB Script (After Launch)----------------
targets -set -nocase -filter {name =~ "ARM*#0" && jtag_cable_name =~ "Digilent Zed 210248570895"} -index 0
con
----------------End of Script----------------

12:59:34 INFO  : Disconnected from the channel tcfchan#9.
13:00:33 INFO  : 'targets -set -filter {jtag_cable_name =~ "Digilent Zed 210248570895" && level==0} -index 1' command is executed.
13:00:34 INFO  : 'fpga -state' command is executed.
13:00:34 INFO  : Connected to target on host '127.0.0.1' and port '3121'.
13:00:34 INFO  : Jtag cable 'Digilent Zed 210248570895' is selected.
13:00:34 INFO  : 'jtag frequency' command is executed.
13:00:34 INFO  : Sourcing of 'C:/Users/Twaga/ECE421/XADC_DMA_FFTredo/XADC_PS.sdk/XADC_PS_wrapper_hw_platform_0/ps7_init.tcl' is done.
13:00:34 INFO  : Context for 'APU' is selected.
13:00:36 INFO  : Hardware design information is loaded from 'C:/Users/Twaga/ECE421/XADC_DMA_FFTredo/XADC_PS.sdk/XADC_PS_wrapper_hw_platform_0/system.hdf'.
13:00:36 INFO  : 'configparams force-mem-access 1' command is executed.
13:00:36 INFO  : Context for 'APU' is selected.
13:00:36 INFO  : 'stop' command is executed.
13:00:36 INFO  : 'ps7_init' command is executed.
13:00:36 INFO  : 'ps7_post_config' command is executed.
13:00:36 INFO  : Context for processor 'ps7_cortexa9_0' is selected.
13:00:36 INFO  : Processor reset is completed for 'ps7_cortexa9_0'.
13:00:36 INFO  : Context for processor 'ps7_cortexa9_0' is selected.
13:00:37 INFO  : The application 'C:/Users/Twaga/ECE421/XADC_DMA_FFTredo/XADC_PS.sdk/xadc_dma_fft/Debug/xadc_dma_fft.elf' is downloaded to processor 'ps7_cortexa9_0'.
13:00:37 INFO  : 'configparams force-mem-access 0' command is executed.
13:00:37 INFO  : ----------------XSDB Script----------------
connect -url tcp:127.0.0.1:3121
source C:/Users/Twaga/ECE421/XADC_DMA_FFTredo/XADC_PS.sdk/XADC_PS_wrapper_hw_platform_0/ps7_init.tcl
targets -set -nocase -filter {name =~"APU*" && jtag_cable_name =~ "Digilent Zed 210248570895"} -index 0
loadhw -hw C:/Users/Twaga/ECE421/XADC_DMA_FFTredo/XADC_PS.sdk/XADC_PS_wrapper_hw_platform_0/system.hdf -mem-ranges [list {0x40000000 0xbfffffff}]
configparams force-mem-access 1
targets -set -nocase -filter {name =~"APU*" && jtag_cable_name =~ "Digilent Zed 210248570895"} -index 0
stop
ps7_init
ps7_post_config
targets -set -nocase -filter {name =~ "ARM*#0" && jtag_cable_name =~ "Digilent Zed 210248570895"} -index 0
rst -processor
targets -set -nocase -filter {name =~ "ARM*#0" && jtag_cable_name =~ "Digilent Zed 210248570895"} -index 0
dow C:/Users/Twaga/ECE421/XADC_DMA_FFTredo/XADC_PS.sdk/xadc_dma_fft/Debug/xadc_dma_fft.elf
configparams force-mem-access 0
----------------End of Script----------------

13:00:37 INFO  : Context for processor 'ps7_cortexa9_0' is selected.
13:00:37 INFO  : 'con' command is executed.
13:00:37 INFO  : ----------------XSDB Script (After Launch)----------------
targets -set -nocase -filter {name =~ "ARM*#0" && jtag_cable_name =~ "Digilent Zed 210248570895"} -index 0
con
----------------End of Script----------------

13:00:37 INFO  : Disconnected from the channel tcfchan#10.
13:14:07 INFO  : 'targets -set -filter {jtag_cable_name =~ "Digilent Zed 210248570895" && level==0} -index 1' command is executed.
13:14:07 INFO  : 'fpga -state' command is executed.
13:14:07 INFO  : Connected to target on host '127.0.0.1' and port '3121'.
13:14:08 INFO  : Jtag cable 'Digilent Zed 210248570895' is selected.
13:14:08 INFO  : 'jtag frequency' command is executed.
13:14:08 INFO  : Sourcing of 'C:/Users/Twaga/ECE421/XADC_DMA_FFTredo/XADC_PS.sdk/XADC_PS_wrapper_hw_platform_0/ps7_init.tcl' is done.
13:14:08 INFO  : Context for 'APU' is selected.
13:14:09 INFO  : Hardware design information is loaded from 'C:/Users/Twaga/ECE421/XADC_DMA_FFTredo/XADC_PS.sdk/XADC_PS_wrapper_hw_platform_0/system.hdf'.
13:14:09 INFO  : 'configparams force-mem-access 1' command is executed.
13:14:09 INFO  : Context for 'APU' is selected.
13:14:09 INFO  : 'stop' command is executed.
13:14:10 INFO  : 'ps7_init' command is executed.
13:14:10 INFO  : 'ps7_post_config' command is executed.
13:14:10 INFO  : Context for processor 'ps7_cortexa9_0' is selected.
13:14:10 INFO  : Processor reset is completed for 'ps7_cortexa9_0'.
13:14:10 INFO  : Context for processor 'ps7_cortexa9_0' is selected.
13:14:10 INFO  : The application 'C:/Users/Twaga/ECE421/XADC_DMA_FFTredo/XADC_PS.sdk/xadc_dma_fft/Debug/xadc_dma_fft.elf' is downloaded to processor 'ps7_cortexa9_0'.
13:14:10 INFO  : 'configparams force-mem-access 0' command is executed.
13:14:10 INFO  : ----------------XSDB Script----------------
connect -url tcp:127.0.0.1:3121
source C:/Users/Twaga/ECE421/XADC_DMA_FFTredo/XADC_PS.sdk/XADC_PS_wrapper_hw_platform_0/ps7_init.tcl
targets -set -nocase -filter {name =~"APU*" && jtag_cable_name =~ "Digilent Zed 210248570895"} -index 0
loadhw -hw C:/Users/Twaga/ECE421/XADC_DMA_FFTredo/XADC_PS.sdk/XADC_PS_wrapper_hw_platform_0/system.hdf -mem-ranges [list {0x40000000 0xbfffffff}]
configparams force-mem-access 1
targets -set -nocase -filter {name =~"APU*" && jtag_cable_name =~ "Digilent Zed 210248570895"} -index 0
stop
ps7_init
ps7_post_config
targets -set -nocase -filter {name =~ "ARM*#0" && jtag_cable_name =~ "Digilent Zed 210248570895"} -index 0
rst -processor
targets -set -nocase -filter {name =~ "ARM*#0" && jtag_cable_name =~ "Digilent Zed 210248570895"} -index 0
dow C:/Users/Twaga/ECE421/XADC_DMA_FFTredo/XADC_PS.sdk/xadc_dma_fft/Debug/xadc_dma_fft.elf
configparams force-mem-access 0
----------------End of Script----------------

13:14:10 INFO  : Context for processor 'ps7_cortexa9_0' is selected.
13:14:10 INFO  : 'con' command is executed.
13:14:10 INFO  : ----------------XSDB Script (After Launch)----------------
targets -set -nocase -filter {name =~ "ARM*#0" && jtag_cable_name =~ "Digilent Zed 210248570895"} -index 0
con
----------------End of Script----------------

13:14:10 INFO  : Disconnected from the channel tcfchan#11.
13:15:09 INFO  : 'targets -set -filter {jtag_cable_name =~ "Digilent Zed 210248570895" && level==0} -index 1' command is executed.
13:15:09 INFO  : 'fpga -state' command is executed.
13:15:09 INFO  : Connected to target on host '127.0.0.1' and port '3121'.
13:15:10 INFO  : Jtag cable 'Digilent Zed 210248570895' is selected.
13:15:10 INFO  : 'jtag frequency' command is executed.
13:15:10 INFO  : Sourcing of 'C:/Users/Twaga/ECE421/XADC_DMA_FFTredo/XADC_PS.sdk/XADC_PS_wrapper_hw_platform_0/ps7_init.tcl' is done.
13:15:10 INFO  : Context for 'APU' is selected.
13:15:11 INFO  : Hardware design information is loaded from 'C:/Users/Twaga/ECE421/XADC_DMA_FFTredo/XADC_PS.sdk/XADC_PS_wrapper_hw_platform_0/system.hdf'.
13:15:11 INFO  : 'configparams force-mem-access 1' command is executed.
13:15:11 INFO  : Context for 'APU' is selected.
13:15:11 INFO  : 'stop' command is executed.
13:15:12 INFO  : 'ps7_init' command is executed.
13:15:12 INFO  : 'ps7_post_config' command is executed.
13:15:12 INFO  : Context for processor 'ps7_cortexa9_0' is selected.
13:15:12 INFO  : Processor reset is completed for 'ps7_cortexa9_0'.
13:15:12 INFO  : Context for processor 'ps7_cortexa9_0' is selected.
13:15:13 INFO  : The application 'C:/Users/Twaga/ECE421/XADC_DMA_FFTredo/XADC_PS.sdk/xadc_dma_fft/Debug/xadc_dma_fft.elf' is downloaded to processor 'ps7_cortexa9_0'.
13:15:13 INFO  : 'configparams force-mem-access 0' command is executed.
13:15:13 INFO  : ----------------XSDB Script----------------
connect -url tcp:127.0.0.1:3121
source C:/Users/Twaga/ECE421/XADC_DMA_FFTredo/XADC_PS.sdk/XADC_PS_wrapper_hw_platform_0/ps7_init.tcl
targets -set -nocase -filter {name =~"APU*" && jtag_cable_name =~ "Digilent Zed 210248570895"} -index 0
loadhw -hw C:/Users/Twaga/ECE421/XADC_DMA_FFTredo/XADC_PS.sdk/XADC_PS_wrapper_hw_platform_0/system.hdf -mem-ranges [list {0x40000000 0xbfffffff}]
configparams force-mem-access 1
targets -set -nocase -filter {name =~"APU*" && jtag_cable_name =~ "Digilent Zed 210248570895"} -index 0
stop
ps7_init
ps7_post_config
targets -set -nocase -filter {name =~ "ARM*#0" && jtag_cable_name =~ "Digilent Zed 210248570895"} -index 0
rst -processor
targets -set -nocase -filter {name =~ "ARM*#0" && jtag_cable_name =~ "Digilent Zed 210248570895"} -index 0
dow C:/Users/Twaga/ECE421/XADC_DMA_FFTredo/XADC_PS.sdk/xadc_dma_fft/Debug/xadc_dma_fft.elf
configparams force-mem-access 0
----------------End of Script----------------

13:15:13 INFO  : Context for processor 'ps7_cortexa9_0' is selected.
13:15:13 INFO  : 'con' command is executed.
13:15:13 INFO  : ----------------XSDB Script (After Launch)----------------
targets -set -nocase -filter {name =~ "ARM*#0" && jtag_cable_name =~ "Digilent Zed 210248570895"} -index 0
con
----------------End of Script----------------

13:15:13 INFO  : Disconnected from the channel tcfchan#12.
13:23:36 INFO  : Connected to target on host '127.0.0.1' and port '3121'.
13:23:36 INFO  : 'targets -set -filter {jtag_cable_name =~ "Digilent Zed 210248570895" && level==0} -index 1' command is executed.
13:23:39 INFO  : FPGA configured successfully with bitstream "C:/Users/Twaga/ECE421/XADC_DMA_FFTredo/XADC_PS.sdk/XADC_PS_wrapper_hw_platform_0/XADC_PS_wrapper.bit"
13:23:51 INFO  : 'targets -set -filter {jtag_cable_name =~ "Digilent Zed 210248570895" && level==0} -index 1' command is executed.
13:23:51 INFO  : 'fpga -state' command is executed.
13:23:51 INFO  : Connected to target on host '127.0.0.1' and port '3121'.
13:23:51 INFO  : Jtag cable 'Digilent Zed 210248570895' is selected.
13:23:51 INFO  : 'jtag frequency' command is executed.
13:23:51 INFO  : Sourcing of 'C:/Users/Twaga/ECE421/XADC_DMA_FFTredo/XADC_PS.sdk/XADC_PS_wrapper_hw_platform_0/ps7_init.tcl' is done.
13:23:51 INFO  : Context for 'APU' is selected.
13:23:51 INFO  : Hardware design information is loaded from 'C:/Users/Twaga/ECE421/XADC_DMA_FFTredo/XADC_PS.sdk/XADC_PS_wrapper_hw_platform_0/system.hdf'.
13:23:51 INFO  : 'configparams force-mem-access 1' command is executed.
13:23:51 INFO  : Context for 'APU' is selected.
13:23:52 INFO  : 'stop' command is executed.
13:23:52 INFO  : 'ps7_init' command is executed.
13:23:52 INFO  : 'ps7_post_config' command is executed.
13:23:52 INFO  : Context for processor 'ps7_cortexa9_0' is selected.
13:23:52 INFO  : Processor reset is completed for 'ps7_cortexa9_0'.
13:23:52 INFO  : Context for processor 'ps7_cortexa9_0' is selected.
13:23:52 INFO  : The application 'C:/Users/Twaga/ECE421/XADC_DMA_FFTredo/XADC_PS.sdk/xadc_dma_fft/Debug/xadc_dma_fft.elf' is downloaded to processor 'ps7_cortexa9_0'.
13:23:52 INFO  : 'configparams force-mem-access 0' command is executed.
13:23:52 INFO  : ----------------XSDB Script----------------
connect -url tcp:127.0.0.1:3121
source C:/Users/Twaga/ECE421/XADC_DMA_FFTredo/XADC_PS.sdk/XADC_PS_wrapper_hw_platform_0/ps7_init.tcl
targets -set -nocase -filter {name =~"APU*" && jtag_cable_name =~ "Digilent Zed 210248570895"} -index 0
loadhw -hw C:/Users/Twaga/ECE421/XADC_DMA_FFTredo/XADC_PS.sdk/XADC_PS_wrapper_hw_platform_0/system.hdf -mem-ranges [list {0x40000000 0xbfffffff}]
configparams force-mem-access 1
targets -set -nocase -filter {name =~"APU*" && jtag_cable_name =~ "Digilent Zed 210248570895"} -index 0
stop
ps7_init
ps7_post_config
targets -set -nocase -filter {name =~ "ARM*#0" && jtag_cable_name =~ "Digilent Zed 210248570895"} -index 0
rst -processor
targets -set -nocase -filter {name =~ "ARM*#0" && jtag_cable_name =~ "Digilent Zed 210248570895"} -index 0
dow C:/Users/Twaga/ECE421/XADC_DMA_FFTredo/XADC_PS.sdk/xadc_dma_fft/Debug/xadc_dma_fft.elf
configparams force-mem-access 0
----------------End of Script----------------

13:23:52 INFO  : Context for processor 'ps7_cortexa9_0' is selected.
13:23:52 INFO  : 'con' command is executed.
13:23:52 INFO  : ----------------XSDB Script (After Launch)----------------
targets -set -nocase -filter {name =~ "ARM*#0" && jtag_cable_name =~ "Digilent Zed 210248570895"} -index 0
con
----------------End of Script----------------

13:23:52 INFO  : Disconnected from the channel tcfchan#13.
13:24:26 INFO  : 'targets -set -filter {jtag_cable_name =~ "Digilent Zed 210248570895" && level==0} -index 1' command is executed.
13:24:26 INFO  : 'fpga -state' command is executed.
13:24:26 INFO  : Connected to target on host '127.0.0.1' and port '3121'.
13:24:27 INFO  : Jtag cable 'Digilent Zed 210248570895' is selected.
13:24:27 INFO  : 'jtag frequency' command is executed.
13:24:27 INFO  : Sourcing of 'C:/Users/Twaga/ECE421/XADC_DMA_FFTredo/XADC_PS.sdk/XADC_PS_wrapper_hw_platform_0/ps7_init.tcl' is done.
13:24:27 INFO  : Context for 'APU' is selected.
13:24:28 INFO  : Hardware design information is loaded from 'C:/Users/Twaga/ECE421/XADC_DMA_FFTredo/XADC_PS.sdk/XADC_PS_wrapper_hw_platform_0/system.hdf'.
13:24:28 INFO  : 'configparams force-mem-access 1' command is executed.
13:24:28 INFO  : Context for 'APU' is selected.
13:24:28 INFO  : 'stop' command is executed.
13:24:29 INFO  : 'ps7_init' command is executed.
13:24:29 INFO  : 'ps7_post_config' command is executed.
13:24:29 INFO  : Context for processor 'ps7_cortexa9_0' is selected.
13:24:29 INFO  : Processor reset is completed for 'ps7_cortexa9_0'.
13:24:29 INFO  : Context for processor 'ps7_cortexa9_0' is selected.
13:24:30 INFO  : The application 'C:/Users/Twaga/ECE421/XADC_DMA_FFTredo/XADC_PS.sdk/xadc_dma_fft/Debug/xadc_dma_fft.elf' is downloaded to processor 'ps7_cortexa9_0'.
13:24:30 INFO  : 'configparams force-mem-access 0' command is executed.
13:24:30 INFO  : ----------------XSDB Script----------------
connect -url tcp:127.0.0.1:3121
source C:/Users/Twaga/ECE421/XADC_DMA_FFTredo/XADC_PS.sdk/XADC_PS_wrapper_hw_platform_0/ps7_init.tcl
targets -set -nocase -filter {name =~"APU*" && jtag_cable_name =~ "Digilent Zed 210248570895"} -index 0
loadhw -hw C:/Users/Twaga/ECE421/XADC_DMA_FFTredo/XADC_PS.sdk/XADC_PS_wrapper_hw_platform_0/system.hdf -mem-ranges [list {0x40000000 0xbfffffff}]
configparams force-mem-access 1
targets -set -nocase -filter {name =~"APU*" && jtag_cable_name =~ "Digilent Zed 210248570895"} -index 0
stop
ps7_init
ps7_post_config
targets -set -nocase -filter {name =~ "ARM*#0" && jtag_cable_name =~ "Digilent Zed 210248570895"} -index 0
rst -processor
targets -set -nocase -filter {name =~ "ARM*#0" && jtag_cable_name =~ "Digilent Zed 210248570895"} -index 0
dow C:/Users/Twaga/ECE421/XADC_DMA_FFTredo/XADC_PS.sdk/xadc_dma_fft/Debug/xadc_dma_fft.elf
configparams force-mem-access 0
----------------End of Script----------------

13:24:30 INFO  : Context for processor 'ps7_cortexa9_0' is selected.
13:24:30 INFO  : 'con' command is executed.
13:24:30 INFO  : ----------------XSDB Script (After Launch)----------------
targets -set -nocase -filter {name =~ "ARM*#0" && jtag_cable_name =~ "Digilent Zed 210248570895"} -index 0
con
----------------End of Script----------------

13:24:30 INFO  : Disconnected from the channel tcfchan#14.
13:25:02 INFO  : 'targets -set -filter {jtag_cable_name =~ "Digilent Zed 210248570895" && level==0} -index 1' command is executed.
13:25:02 INFO  : 'fpga -state' command is executed.
13:25:02 INFO  : Connected to target on host '127.0.0.1' and port '3121'.
13:25:02 INFO  : Jtag cable 'Digilent Zed 210248570895' is selected.
13:25:02 INFO  : 'jtag frequency' command is executed.
13:25:02 INFO  : Sourcing of 'C:/Users/Twaga/ECE421/XADC_DMA_FFTredo/XADC_PS.sdk/XADC_PS_wrapper_hw_platform_0/ps7_init.tcl' is done.
13:25:02 INFO  : Context for 'APU' is selected.
13:25:04 INFO  : Hardware design information is loaded from 'C:/Users/Twaga/ECE421/XADC_DMA_FFTredo/XADC_PS.sdk/XADC_PS_wrapper_hw_platform_0/system.hdf'.
13:25:04 INFO  : 'configparams force-mem-access 1' command is executed.
13:25:04 INFO  : Context for 'APU' is selected.
13:25:04 INFO  : 'stop' command is executed.
13:25:05 INFO  : 'ps7_init' command is executed.
13:25:05 INFO  : 'ps7_post_config' command is executed.
13:25:05 INFO  : Context for processor 'ps7_cortexa9_0' is selected.
13:25:05 INFO  : Processor reset is completed for 'ps7_cortexa9_0'.
13:25:05 INFO  : Context for processor 'ps7_cortexa9_0' is selected.
13:25:05 INFO  : The application 'C:/Users/Twaga/ECE421/XADC_DMA_FFTredo/XADC_PS.sdk/xadc_dma_fft/Debug/xadc_dma_fft.elf' is downloaded to processor 'ps7_cortexa9_0'.
13:25:05 INFO  : 'configparams force-mem-access 0' command is executed.
13:25:05 INFO  : ----------------XSDB Script----------------
connect -url tcp:127.0.0.1:3121
source C:/Users/Twaga/ECE421/XADC_DMA_FFTredo/XADC_PS.sdk/XADC_PS_wrapper_hw_platform_0/ps7_init.tcl
targets -set -nocase -filter {name =~"APU*" && jtag_cable_name =~ "Digilent Zed 210248570895"} -index 0
loadhw -hw C:/Users/Twaga/ECE421/XADC_DMA_FFTredo/XADC_PS.sdk/XADC_PS_wrapper_hw_platform_0/system.hdf -mem-ranges [list {0x40000000 0xbfffffff}]
configparams force-mem-access 1
targets -set -nocase -filter {name =~"APU*" && jtag_cable_name =~ "Digilent Zed 210248570895"} -index 0
stop
ps7_init
ps7_post_config
targets -set -nocase -filter {name =~ "ARM*#0" && jtag_cable_name =~ "Digilent Zed 210248570895"} -index 0
rst -processor
targets -set -nocase -filter {name =~ "ARM*#0" && jtag_cable_name =~ "Digilent Zed 210248570895"} -index 0
dow C:/Users/Twaga/ECE421/XADC_DMA_FFTredo/XADC_PS.sdk/xadc_dma_fft/Debug/xadc_dma_fft.elf
configparams force-mem-access 0
----------------End of Script----------------

13:25:05 INFO  : Context for processor 'ps7_cortexa9_0' is selected.
13:25:05 INFO  : 'con' command is executed.
13:25:05 INFO  : ----------------XSDB Script (After Launch)----------------
targets -set -nocase -filter {name =~ "ARM*#0" && jtag_cable_name =~ "Digilent Zed 210248570895"} -index 0
con
----------------End of Script----------------

13:25:05 INFO  : Disconnected from the channel tcfchan#15.
13:26:26 INFO  : 'targets -set -filter {jtag_cable_name =~ "Digilent Zed 210248570895" && level==0} -index 1' command is executed.
13:26:26 INFO  : 'fpga -state' command is executed.
13:26:26 INFO  : Connected to target on host '127.0.0.1' and port '3121'.
13:26:26 INFO  : Jtag cable 'Digilent Zed 210248570895' is selected.
13:26:26 INFO  : 'jtag frequency' command is executed.
13:26:26 INFO  : Sourcing of 'C:/Users/Twaga/ECE421/XADC_DMA_FFTredo/XADC_PS.sdk/XADC_PS_wrapper_hw_platform_0/ps7_init.tcl' is done.
13:26:26 INFO  : Context for 'APU' is selected.
13:26:28 INFO  : Hardware design information is loaded from 'C:/Users/Twaga/ECE421/XADC_DMA_FFTredo/XADC_PS.sdk/XADC_PS_wrapper_hw_platform_0/system.hdf'.
13:26:28 INFO  : 'configparams force-mem-access 1' command is executed.
13:26:28 INFO  : Context for 'APU' is selected.
13:26:28 INFO  : 'stop' command is executed.
13:26:29 INFO  : 'ps7_init' command is executed.
13:26:29 INFO  : 'ps7_post_config' command is executed.
13:26:29 INFO  : Context for processor 'ps7_cortexa9_0' is selected.
13:26:29 INFO  : Processor reset is completed for 'ps7_cortexa9_0'.
13:26:29 INFO  : Context for processor 'ps7_cortexa9_0' is selected.
13:26:29 INFO  : The application 'C:/Users/Twaga/ECE421/XADC_DMA_FFTredo/XADC_PS.sdk/xadc_dma_fft/Debug/xadc_dma_fft.elf' is downloaded to processor 'ps7_cortexa9_0'.
13:26:29 INFO  : 'configparams force-mem-access 0' command is executed.
13:26:29 INFO  : ----------------XSDB Script----------------
connect -url tcp:127.0.0.1:3121
source C:/Users/Twaga/ECE421/XADC_DMA_FFTredo/XADC_PS.sdk/XADC_PS_wrapper_hw_platform_0/ps7_init.tcl
targets -set -nocase -filter {name =~"APU*" && jtag_cable_name =~ "Digilent Zed 210248570895"} -index 0
loadhw -hw C:/Users/Twaga/ECE421/XADC_DMA_FFTredo/XADC_PS.sdk/XADC_PS_wrapper_hw_platform_0/system.hdf -mem-ranges [list {0x40000000 0xbfffffff}]
configparams force-mem-access 1
targets -set -nocase -filter {name =~"APU*" && jtag_cable_name =~ "Digilent Zed 210248570895"} -index 0
stop
ps7_init
ps7_post_config
targets -set -nocase -filter {name =~ "ARM*#0" && jtag_cable_name =~ "Digilent Zed 210248570895"} -index 0
rst -processor
targets -set -nocase -filter {name =~ "ARM*#0" && jtag_cable_name =~ "Digilent Zed 210248570895"} -index 0
dow C:/Users/Twaga/ECE421/XADC_DMA_FFTredo/XADC_PS.sdk/xadc_dma_fft/Debug/xadc_dma_fft.elf
configparams force-mem-access 0
----------------End of Script----------------

13:26:29 INFO  : Context for processor 'ps7_cortexa9_0' is selected.
13:26:29 INFO  : 'con' command is executed.
13:26:29 INFO  : ----------------XSDB Script (After Launch)----------------
targets -set -nocase -filter {name =~ "ARM*#0" && jtag_cable_name =~ "Digilent Zed 210248570895"} -index 0
con
----------------End of Script----------------

13:26:29 INFO  : Disconnected from the channel tcfchan#16.
13:33:42 INFO  : 'targets -set -filter {jtag_cable_name =~ "Digilent Zed 210248570895" && level==0} -index 1' command is executed.
13:33:42 INFO  : 'fpga -state' command is executed.
13:33:42 INFO  : Connected to target on host '127.0.0.1' and port '3121'.
13:33:42 INFO  : Jtag cable 'Digilent Zed 210248570895' is selected.
13:33:42 INFO  : 'jtag frequency' command is executed.
13:33:42 INFO  : Sourcing of 'C:/Users/Twaga/ECE421/XADC_DMA_FFTredo/XADC_PS.sdk/XADC_PS_wrapper_hw_platform_0/ps7_init.tcl' is done.
13:33:42 INFO  : Context for 'APU' is selected.
13:33:44 INFO  : Hardware design information is loaded from 'C:/Users/Twaga/ECE421/XADC_DMA_FFTredo/XADC_PS.sdk/XADC_PS_wrapper_hw_platform_0/system.hdf'.
13:33:44 INFO  : 'configparams force-mem-access 1' command is executed.
13:33:44 INFO  : Context for 'APU' is selected.
13:33:44 INFO  : 'stop' command is executed.
13:33:45 INFO  : 'ps7_init' command is executed.
13:33:45 INFO  : 'ps7_post_config' command is executed.
13:33:45 INFO  : Context for processor 'ps7_cortexa9_0' is selected.
13:33:45 INFO  : Processor reset is completed for 'ps7_cortexa9_0'.
13:33:45 INFO  : Context for processor 'ps7_cortexa9_0' is selected.
13:33:45 INFO  : The application 'C:/Users/Twaga/ECE421/XADC_DMA_FFTredo/XADC_PS.sdk/xadc_dma_fft/Debug/xadc_dma_fft.elf' is downloaded to processor 'ps7_cortexa9_0'.
13:33:45 INFO  : 'configparams force-mem-access 0' command is executed.
13:33:45 INFO  : ----------------XSDB Script----------------
connect -url tcp:127.0.0.1:3121
source C:/Users/Twaga/ECE421/XADC_DMA_FFTredo/XADC_PS.sdk/XADC_PS_wrapper_hw_platform_0/ps7_init.tcl
targets -set -nocase -filter {name =~"APU*" && jtag_cable_name =~ "Digilent Zed 210248570895"} -index 0
loadhw -hw C:/Users/Twaga/ECE421/XADC_DMA_FFTredo/XADC_PS.sdk/XADC_PS_wrapper_hw_platform_0/system.hdf -mem-ranges [list {0x40000000 0xbfffffff}]
configparams force-mem-access 1
targets -set -nocase -filter {name =~"APU*" && jtag_cable_name =~ "Digilent Zed 210248570895"} -index 0
stop
ps7_init
ps7_post_config
targets -set -nocase -filter {name =~ "ARM*#0" && jtag_cable_name =~ "Digilent Zed 210248570895"} -index 0
rst -processor
targets -set -nocase -filter {name =~ "ARM*#0" && jtag_cable_name =~ "Digilent Zed 210248570895"} -index 0
dow C:/Users/Twaga/ECE421/XADC_DMA_FFTredo/XADC_PS.sdk/xadc_dma_fft/Debug/xadc_dma_fft.elf
configparams force-mem-access 0
----------------End of Script----------------

13:33:45 INFO  : Context for processor 'ps7_cortexa9_0' is selected.
13:33:45 INFO  : 'con' command is executed.
13:33:45 INFO  : ----------------XSDB Script (After Launch)----------------
targets -set -nocase -filter {name =~ "ARM*#0" && jtag_cable_name =~ "Digilent Zed 210248570895"} -index 0
con
----------------End of Script----------------

13:33:45 INFO  : Disconnected from the channel tcfchan#17.
13:35:02 INFO  : 'targets -set -filter {jtag_cable_name =~ "Digilent Zed 210248570895" && level==0} -index 1' command is executed.
13:35:02 INFO  : 'fpga -state' command is executed.
13:35:02 INFO  : Connected to target on host '127.0.0.1' and port '3121'.
13:35:02 INFO  : Jtag cable 'Digilent Zed 210248570895' is selected.
13:35:02 INFO  : 'jtag frequency' command is executed.
13:35:02 INFO  : Sourcing of 'C:/Users/Twaga/ECE421/XADC_DMA_FFTredo/XADC_PS.sdk/XADC_PS_wrapper_hw_platform_0/ps7_init.tcl' is done.
13:35:02 INFO  : Context for 'APU' is selected.
13:35:05 INFO  : Hardware design information is loaded from 'C:/Users/Twaga/ECE421/XADC_DMA_FFTredo/XADC_PS.sdk/XADC_PS_wrapper_hw_platform_0/system.hdf'.
13:35:05 INFO  : 'configparams force-mem-access 1' command is executed.
13:35:05 INFO  : Context for 'APU' is selected.
13:35:05 INFO  : 'stop' command is executed.
13:35:05 INFO  : 'ps7_init' command is executed.
13:35:05 INFO  : 'ps7_post_config' command is executed.
13:35:05 INFO  : Context for processor 'ps7_cortexa9_0' is selected.
13:35:05 INFO  : Processor reset is completed for 'ps7_cortexa9_0'.
13:35:06 INFO  : Context for processor 'ps7_cortexa9_0' is selected.
13:35:06 INFO  : The application 'C:/Users/Twaga/ECE421/XADC_DMA_FFTredo/XADC_PS.sdk/xadc_dma_fft/Debug/xadc_dma_fft.elf' is downloaded to processor 'ps7_cortexa9_0'.
13:35:06 INFO  : 'configparams force-mem-access 0' command is executed.
13:35:06 INFO  : ----------------XSDB Script----------------
connect -url tcp:127.0.0.1:3121
source C:/Users/Twaga/ECE421/XADC_DMA_FFTredo/XADC_PS.sdk/XADC_PS_wrapper_hw_platform_0/ps7_init.tcl
targets -set -nocase -filter {name =~"APU*" && jtag_cable_name =~ "Digilent Zed 210248570895"} -index 0
loadhw -hw C:/Users/Twaga/ECE421/XADC_DMA_FFTredo/XADC_PS.sdk/XADC_PS_wrapper_hw_platform_0/system.hdf -mem-ranges [list {0x40000000 0xbfffffff}]
configparams force-mem-access 1
targets -set -nocase -filter {name =~"APU*" && jtag_cable_name =~ "Digilent Zed 210248570895"} -index 0
stop
ps7_init
ps7_post_config
targets -set -nocase -filter {name =~ "ARM*#0" && jtag_cable_name =~ "Digilent Zed 210248570895"} -index 0
rst -processor
targets -set -nocase -filter {name =~ "ARM*#0" && jtag_cable_name =~ "Digilent Zed 210248570895"} -index 0
dow C:/Users/Twaga/ECE421/XADC_DMA_FFTredo/XADC_PS.sdk/xadc_dma_fft/Debug/xadc_dma_fft.elf
configparams force-mem-access 0
----------------End of Script----------------

13:35:06 INFO  : Context for processor 'ps7_cortexa9_0' is selected.
13:35:06 INFO  : 'con' command is executed.
13:35:06 INFO  : ----------------XSDB Script (After Launch)----------------
targets -set -nocase -filter {name =~ "ARM*#0" && jtag_cable_name =~ "Digilent Zed 210248570895"} -index 0
con
----------------End of Script----------------

13:35:06 INFO  : Disconnected from the channel tcfchan#18.
13:36:36 INFO  : 'targets -set -filter {jtag_cable_name =~ "Digilent Zed 210248570895" && level==0} -index 1' command is executed.
13:36:36 INFO  : 'fpga -state' command is executed.
13:36:36 INFO  : Connected to target on host '127.0.0.1' and port '3121'.
13:36:36 INFO  : Jtag cable 'Digilent Zed 210248570895' is selected.
13:36:36 INFO  : 'jtag frequency' command is executed.
13:36:36 INFO  : Sourcing of 'C:/Users/Twaga/ECE421/XADC_DMA_FFTredo/XADC_PS.sdk/XADC_PS_wrapper_hw_platform_0/ps7_init.tcl' is done.
13:36:36 INFO  : Context for 'APU' is selected.
13:36:38 INFO  : Hardware design information is loaded from 'C:/Users/Twaga/ECE421/XADC_DMA_FFTredo/XADC_PS.sdk/XADC_PS_wrapper_hw_platform_0/system.hdf'.
13:36:38 INFO  : 'configparams force-mem-access 1' command is executed.
13:36:38 INFO  : Context for 'APU' is selected.
13:36:38 INFO  : 'stop' command is executed.
13:36:39 INFO  : 'ps7_init' command is executed.
13:36:39 INFO  : 'ps7_post_config' command is executed.
13:36:39 INFO  : Context for processor 'ps7_cortexa9_0' is selected.
13:36:39 INFO  : Processor reset is completed for 'ps7_cortexa9_0'.
13:36:39 INFO  : Context for processor 'ps7_cortexa9_0' is selected.
13:36:39 INFO  : The application 'C:/Users/Twaga/ECE421/XADC_DMA_FFTredo/XADC_PS.sdk/xadc_dma_fft/Debug/xadc_dma_fft.elf' is downloaded to processor 'ps7_cortexa9_0'.
13:36:39 INFO  : 'configparams force-mem-access 0' command is executed.
13:36:39 INFO  : ----------------XSDB Script----------------
connect -url tcp:127.0.0.1:3121
source C:/Users/Twaga/ECE421/XADC_DMA_FFTredo/XADC_PS.sdk/XADC_PS_wrapper_hw_platform_0/ps7_init.tcl
targets -set -nocase -filter {name =~"APU*" && jtag_cable_name =~ "Digilent Zed 210248570895"} -index 0
loadhw -hw C:/Users/Twaga/ECE421/XADC_DMA_FFTredo/XADC_PS.sdk/XADC_PS_wrapper_hw_platform_0/system.hdf -mem-ranges [list {0x40000000 0xbfffffff}]
configparams force-mem-access 1
targets -set -nocase -filter {name =~"APU*" && jtag_cable_name =~ "Digilent Zed 210248570895"} -index 0
stop
ps7_init
ps7_post_config
targets -set -nocase -filter {name =~ "ARM*#0" && jtag_cable_name =~ "Digilent Zed 210248570895"} -index 0
rst -processor
targets -set -nocase -filter {name =~ "ARM*#0" && jtag_cable_name =~ "Digilent Zed 210248570895"} -index 0
dow C:/Users/Twaga/ECE421/XADC_DMA_FFTredo/XADC_PS.sdk/xadc_dma_fft/Debug/xadc_dma_fft.elf
configparams force-mem-access 0
----------------End of Script----------------

13:36:39 INFO  : Context for processor 'ps7_cortexa9_0' is selected.
13:36:39 INFO  : 'con' command is executed.
13:36:39 INFO  : ----------------XSDB Script (After Launch)----------------
targets -set -nocase -filter {name =~ "ARM*#0" && jtag_cable_name =~ "Digilent Zed 210248570895"} -index 0
con
----------------End of Script----------------

13:36:39 INFO  : Disconnected from the channel tcfchan#19.
15:38:19 INFO  : Connected to target on host '127.0.0.1' and port '3121'.
15:38:19 INFO  : 'targets -set -filter {jtag_cable_name =~ "Digilent Zed 210248553107" && level==0} -index 1' command is executed.
15:38:22 INFO  : FPGA configured successfully with bitstream "C:/Users/Twaga/ECE421/XADC_DMA_FFTredo/XADC_PS.sdk/XADC_PS_wrapper_hw_platform_0/XADC_PS_wrapper.bit"
15:42:19 INFO  : 'targets -set -filter {jtag_cable_name =~ "Digilent Zed 210248553107" && level==0} -index 1' command is executed.
15:42:19 INFO  : 'fpga -state' command is executed.
15:42:19 INFO  : Connected to target on host '127.0.0.1' and port '3121'.
15:42:19 INFO  : Jtag cable 'Digilent Zed 210248553107' is selected.
15:42:19 INFO  : 'jtag frequency' command is executed.
15:42:19 INFO  : Sourcing of 'C:/Users/Twaga/ECE421/XADC_DMA_FFTredo/XADC_PS.sdk/XADC_PS_wrapper_hw_platform_0/ps7_init.tcl' is done.
15:42:20 INFO  : Context for 'APU' is selected.
15:42:20 INFO  : Hardware design information is loaded from 'C:/Users/Twaga/ECE421/XADC_DMA_FFTredo/XADC_PS.sdk/XADC_PS_wrapper_hw_platform_0/system.hdf'.
15:42:20 INFO  : 'configparams force-mem-access 1' command is executed.
15:42:20 INFO  : Context for 'APU' is selected.
15:42:20 INFO  : 'stop' command is executed.
15:42:20 INFO  : 'ps7_init' command is executed.
15:42:20 INFO  : 'ps7_post_config' command is executed.
15:42:20 INFO  : Context for processor 'ps7_cortexa9_0' is selected.
15:42:20 INFO  : Processor reset is completed for 'ps7_cortexa9_0'.
15:42:21 INFO  : Context for processor 'ps7_cortexa9_0' is selected.
15:42:21 INFO  : The application 'C:/Users/Twaga/ECE421/XADC_DMA_FFTredo/XADC_PS.sdk/xadc_dma_fft/Debug/xadc_dma_fft.elf' is downloaded to processor 'ps7_cortexa9_0'.
15:42:21 INFO  : 'configparams force-mem-access 0' command is executed.
15:42:21 INFO  : ----------------XSDB Script----------------
connect -url tcp:127.0.0.1:3121
source C:/Users/Twaga/ECE421/XADC_DMA_FFTredo/XADC_PS.sdk/XADC_PS_wrapper_hw_platform_0/ps7_init.tcl
targets -set -nocase -filter {name =~"APU*" && jtag_cable_name =~ "Digilent Zed 210248553107"} -index 0
loadhw -hw C:/Users/Twaga/ECE421/XADC_DMA_FFTredo/XADC_PS.sdk/XADC_PS_wrapper_hw_platform_0/system.hdf -mem-ranges [list {0x40000000 0xbfffffff}]
configparams force-mem-access 1
targets -set -nocase -filter {name =~"APU*" && jtag_cable_name =~ "Digilent Zed 210248553107"} -index 0
stop
ps7_init
ps7_post_config
targets -set -nocase -filter {name =~ "ARM*#0" && jtag_cable_name =~ "Digilent Zed 210248553107"} -index 0
rst -processor
targets -set -nocase -filter {name =~ "ARM*#0" && jtag_cable_name =~ "Digilent Zed 210248553107"} -index 0
dow C:/Users/Twaga/ECE421/XADC_DMA_FFTredo/XADC_PS.sdk/xadc_dma_fft/Debug/xadc_dma_fft.elf
configparams force-mem-access 0
----------------End of Script----------------

15:42:21 INFO  : Memory regions updated for context APU
15:42:21 INFO  : Context for processor 'ps7_cortexa9_0' is selected.
15:42:21 INFO  : 'con' command is executed.
15:42:21 INFO  : ----------------XSDB Script (After Launch)----------------
targets -set -nocase -filter {name =~ "ARM*#0" && jtag_cable_name =~ "Digilent Zed 210248553107"} -index 0
con
----------------End of Script----------------

15:42:21 INFO  : Launch script is exported to file 'C:\Users\Twaga\ECE421\XADC_DMA_FFTredo\XADC_PS.sdk\.sdk\launch_scripts\performance_analysis\performance_analysis_using_debug_xadc_dma_fft.elf_on_local.tcl'
15:42:24 INFO  : Apm configuration has been updated and stored to 'C:\Users\Twaga\ECE421\XADC_DMA_FFTredo\XADC_PS.sdk\XADC_PS_wrapper_hw_platform_0\apmconfigs\apm_default.json' for the project 'XADC_PS_wrapper_hw_platform_0'
15:42:25 INFO  : Performance data for 'PS' will be exported to the file 'C:\Users\Twaga\ECE421\XADC_DMA_FFTredo\XADC_PS.sdk\XADC_PS_wrapper_hw_platform_0_Traces\Traces\Run_Apr-28_15-42\PS_Trace_Apr-28_15-42\trace'
15:42:27 INFO  : Created tracing project 'XADC_PS_wrapper_hw_platform_0_Traces'
15:42:27 INFO  : Added tracing folder 'C:\Users\Twaga\ECE421\XADC_DMA_FFTredo\XADC_PS.sdk\XADC_PS_wrapper_hw_platform_0_Traces\Traces\Run_Apr-28_15-42\PS_Trace_Apr-28_15-42' into  'XADC_PS_wrapper_hw_platform_0_Traces'
15:42:27 INFO  : Attempting to open tracing file 'PS_Trace_Apr-28_15-42'
15:42:35 INFO  : Performance data for 'PS' has been exported to the file 'C:\Users\Twaga\ECE421\XADC_DMA_FFTredo\XADC_PS.sdk\XADC_PS_wrapper_hw_platform_0_Traces\Traces\Run_Apr-28_15-42\PS_Trace_Apr-28_15-42\trace'
15:42:35 INFO  : Performance data for 'PS' has been exported to the file 'C:\Users\Twaga\ECE421\XADC_DMA_FFTredo\XADC_PS.sdk\XADC_PS_wrapper_hw_platform_0_Traces\Traces\Run_Apr-28_15-42\PS_Trace_Apr-28_15-42\trace'
15:42:35 INFO  : Disconnected from the channel tcfchan#20.
15:43:05 INFO  : 'targets -set -filter {jtag_cable_name =~ "Digilent Zed 210248553107" && level==0} -index 1' command is executed.
15:43:05 INFO  : 'fpga -state' command is executed.
15:43:05 INFO  : Connected to target on host '127.0.0.1' and port '3121'.
15:43:06 INFO  : Jtag cable 'Digilent Zed 210248553107' is selected.
15:43:06 INFO  : 'jtag frequency' command is executed.
15:43:06 INFO  : Sourcing of 'C:/Users/Twaga/ECE421/XADC_DMA_FFTredo/XADC_PS.sdk/XADC_PS_wrapper_hw_platform_0/ps7_init.tcl' is done.
15:43:06 INFO  : Context for 'APU' is selected.
15:43:06 INFO  : Hardware design information is loaded from 'C:/Users/Twaga/ECE421/XADC_DMA_FFTredo/XADC_PS.sdk/XADC_PS_wrapper_hw_platform_0/system.hdf'.
15:43:06 INFO  : 'configparams force-mem-access 1' command is executed.
15:43:06 INFO  : Context for 'APU' is selected.
15:43:06 INFO  : 'stop' command is executed.
15:43:06 INFO  : 'ps7_init' command is executed.
15:43:06 INFO  : 'ps7_post_config' command is executed.
15:43:06 INFO  : Context for processor 'ps7_cortexa9_0' is selected.
15:43:06 INFO  : Processor reset is completed for 'ps7_cortexa9_0'.
15:43:07 INFO  : Context for processor 'ps7_cortexa9_0' is selected.
15:43:07 INFO  : The application 'C:/Users/Twaga/ECE421/XADC_DMA_FFTredo/XADC_PS.sdk/xadc_dma_fft/Debug/xadc_dma_fft.elf' is downloaded to processor 'ps7_cortexa9_0'.
15:43:07 INFO  : 'configparams force-mem-access 0' command is executed.
15:43:07 INFO  : ----------------XSDB Script----------------
connect -url tcp:127.0.0.1:3121
source C:/Users/Twaga/ECE421/XADC_DMA_FFTredo/XADC_PS.sdk/XADC_PS_wrapper_hw_platform_0/ps7_init.tcl
targets -set -nocase -filter {name =~"APU*" && jtag_cable_name =~ "Digilent Zed 210248553107"} -index 0
loadhw -hw C:/Users/Twaga/ECE421/XADC_DMA_FFTredo/XADC_PS.sdk/XADC_PS_wrapper_hw_platform_0/system.hdf -mem-ranges [list {0x40000000 0xbfffffff}]
configparams force-mem-access 1
targets -set -nocase -filter {name =~"APU*" && jtag_cable_name =~ "Digilent Zed 210248553107"} -index 0
stop
ps7_init
ps7_post_config
targets -set -nocase -filter {name =~ "ARM*#0" && jtag_cable_name =~ "Digilent Zed 210248553107"} -index 0
rst -processor
targets -set -nocase -filter {name =~ "ARM*#0" && jtag_cable_name =~ "Digilent Zed 210248553107"} -index 0
dow C:/Users/Twaga/ECE421/XADC_DMA_FFTredo/XADC_PS.sdk/xadc_dma_fft/Debug/xadc_dma_fft.elf
configparams force-mem-access 0
----------------End of Script----------------

15:43:07 INFO  : Context for processor 'ps7_cortexa9_0' is selected.
15:43:07 INFO  : 'con' command is executed.
15:43:07 INFO  : ----------------XSDB Script (After Launch)----------------
targets -set -nocase -filter {name =~ "ARM*#0" && jtag_cable_name =~ "Digilent Zed 210248553107"} -index 0
con
----------------End of Script----------------

15:43:07 INFO  : Disconnected from the channel tcfchan#21.
15:43:50 INFO  : 'targets -set -filter {jtag_cable_name =~ "Digilent Zed 210248553107" && level==0} -index 1' command is executed.
15:43:50 INFO  : 'fpga -state' command is executed.
15:43:50 INFO  : Connected to target on host '127.0.0.1' and port '3121'.
15:43:51 INFO  : Jtag cable 'Digilent Zed 210248553107' is selected.
15:43:51 INFO  : 'jtag frequency' command is executed.
15:43:51 INFO  : Sourcing of 'C:/Users/Twaga/ECE421/XADC_DMA_FFTredo/XADC_PS.sdk/XADC_PS_wrapper_hw_platform_0/ps7_init.tcl' is done.
15:43:51 INFO  : Context for 'APU' is selected.
15:43:52 INFO  : Hardware design information is loaded from 'C:/Users/Twaga/ECE421/XADC_DMA_FFTredo/XADC_PS.sdk/XADC_PS_wrapper_hw_platform_0/system.hdf'.
15:43:52 INFO  : 'configparams force-mem-access 1' command is executed.
15:43:52 INFO  : Context for 'APU' is selected.
15:43:52 INFO  : 'stop' command is executed.
15:43:53 INFO  : 'ps7_init' command is executed.
15:43:53 INFO  : 'ps7_post_config' command is executed.
15:43:53 INFO  : Context for processor 'ps7_cortexa9_0' is selected.
15:43:53 INFO  : Processor reset is completed for 'ps7_cortexa9_0'.
15:43:53 INFO  : Context for processor 'ps7_cortexa9_0' is selected.
15:43:53 INFO  : The application 'C:/Users/Twaga/ECE421/XADC_DMA_FFTredo/XADC_PS.sdk/xadc_dma_fft/Debug/xadc_dma_fft.elf' is downloaded to processor 'ps7_cortexa9_0'.
15:43:53 INFO  : 'configparams force-mem-access 0' command is executed.
15:43:53 INFO  : ----------------XSDB Script----------------
connect -url tcp:127.0.0.1:3121
source C:/Users/Twaga/ECE421/XADC_DMA_FFTredo/XADC_PS.sdk/XADC_PS_wrapper_hw_platform_0/ps7_init.tcl
targets -set -nocase -filter {name =~"APU*" && jtag_cable_name =~ "Digilent Zed 210248553107"} -index 0
loadhw -hw C:/Users/Twaga/ECE421/XADC_DMA_FFTredo/XADC_PS.sdk/XADC_PS_wrapper_hw_platform_0/system.hdf -mem-ranges [list {0x40000000 0xbfffffff}]
configparams force-mem-access 1
targets -set -nocase -filter {name =~"APU*" && jtag_cable_name =~ "Digilent Zed 210248553107"} -index 0
stop
ps7_init
ps7_post_config
targets -set -nocase -filter {name =~ "ARM*#0" && jtag_cable_name =~ "Digilent Zed 210248553107"} -index 0
rst -processor
targets -set -nocase -filter {name =~ "ARM*#0" && jtag_cable_name =~ "Digilent Zed 210248553107"} -index 0
dow C:/Users/Twaga/ECE421/XADC_DMA_FFTredo/XADC_PS.sdk/xadc_dma_fft/Debug/xadc_dma_fft.elf
configparams force-mem-access 0
----------------End of Script----------------

15:43:53 INFO  : Context for processor 'ps7_cortexa9_0' is selected.
15:43:53 INFO  : 'con' command is executed.
15:43:53 INFO  : ----------------XSDB Script (After Launch)----------------
targets -set -nocase -filter {name =~ "ARM*#0" && jtag_cable_name =~ "Digilent Zed 210248553107"} -index 0
con
----------------End of Script----------------

15:43:53 INFO  : Disconnected from the channel tcfchan#22.
15:44:24 INFO  : 'targets -set -filter {jtag_cable_name =~ "Digilent Zed 210248553107" && level==0} -index 1' command is executed.
15:44:24 INFO  : 'fpga -state' command is executed.
15:44:24 INFO  : Connected to target on host '127.0.0.1' and port '3121'.
15:44:25 INFO  : Jtag cable 'Digilent Zed 210248553107' is selected.
15:44:25 INFO  : 'jtag frequency' command is executed.
15:44:25 INFO  : Sourcing of 'C:/Users/Twaga/ECE421/XADC_DMA_FFTredo/XADC_PS.sdk/XADC_PS_wrapper_hw_platform_0/ps7_init.tcl' is done.
15:44:25 INFO  : Context for 'APU' is selected.
15:44:26 INFO  : Hardware design information is loaded from 'C:/Users/Twaga/ECE421/XADC_DMA_FFTredo/XADC_PS.sdk/XADC_PS_wrapper_hw_platform_0/system.hdf'.
15:44:26 INFO  : 'configparams force-mem-access 1' command is executed.
15:44:26 INFO  : Context for 'APU' is selected.
15:44:26 INFO  : 'stop' command is executed.
15:44:27 INFO  : 'ps7_init' command is executed.
15:44:27 INFO  : 'ps7_post_config' command is executed.
15:44:27 INFO  : Context for processor 'ps7_cortexa9_0' is selected.
15:44:27 INFO  : Processor reset is completed for 'ps7_cortexa9_0'.
15:44:27 INFO  : Context for processor 'ps7_cortexa9_0' is selected.
15:44:27 INFO  : The application 'C:/Users/Twaga/ECE421/XADC_DMA_FFTredo/XADC_PS.sdk/xadc_dma_fft/Debug/xadc_dma_fft.elf' is downloaded to processor 'ps7_cortexa9_0'.
15:44:27 INFO  : 'configparams force-mem-access 0' command is executed.
15:44:27 INFO  : ----------------XSDB Script----------------
connect -url tcp:127.0.0.1:3121
source C:/Users/Twaga/ECE421/XADC_DMA_FFTredo/XADC_PS.sdk/XADC_PS_wrapper_hw_platform_0/ps7_init.tcl
targets -set -nocase -filter {name =~"APU*" && jtag_cable_name =~ "Digilent Zed 210248553107"} -index 0
loadhw -hw C:/Users/Twaga/ECE421/XADC_DMA_FFTredo/XADC_PS.sdk/XADC_PS_wrapper_hw_platform_0/system.hdf -mem-ranges [list {0x40000000 0xbfffffff}]
configparams force-mem-access 1
targets -set -nocase -filter {name =~"APU*" && jtag_cable_name =~ "Digilent Zed 210248553107"} -index 0
stop
ps7_init
ps7_post_config
targets -set -nocase -filter {name =~ "ARM*#0" && jtag_cable_name =~ "Digilent Zed 210248553107"} -index 0
rst -processor
targets -set -nocase -filter {name =~ "ARM*#0" && jtag_cable_name =~ "Digilent Zed 210248553107"} -index 0
dow C:/Users/Twaga/ECE421/XADC_DMA_FFTredo/XADC_PS.sdk/xadc_dma_fft/Debug/xadc_dma_fft.elf
configparams force-mem-access 0
----------------End of Script----------------

15:44:27 INFO  : Context for processor 'ps7_cortexa9_0' is selected.
15:44:27 INFO  : 'con' command is executed.
15:44:27 INFO  : ----------------XSDB Script (After Launch)----------------
targets -set -nocase -filter {name =~ "ARM*#0" && jtag_cable_name =~ "Digilent Zed 210248553107"} -index 0
con
----------------End of Script----------------

15:44:27 INFO  : Disconnected from the channel tcfchan#23.
15:50:21 INFO  : Connected to target on host '127.0.0.1' and port '3121'.
15:51:02 INFO  : Connected to target on host '127.0.0.1' and port '3121'.
15:56:10 INFO  : Connected to target on host '127.0.0.1' and port '3121'.
15:58:56 INFO  : Connected to target on host '127.0.0.1' and port '3121'.
15:58:56 INFO  : 'targets -set -filter {jtag_cable_name =~ "Digilent Zed 210248572272" && level==0} -index 1' command is executed.
15:58:58 INFO  : FPGA configured successfully with bitstream "C:/Users/Twaga/ECE421/XADC_DMA_FFTredo/XADC_PS.sdk/XADC_PS_wrapper_hw_platform_0/XADC_PS_wrapper.bit"
15:59:14 INFO  : 'targets -set -filter {jtag_cable_name =~ "Digilent Zed 210248572272" && level==0} -index 1' command is executed.
15:59:14 INFO  : 'fpga -state' command is executed.
15:59:14 INFO  : Connected to target on host '127.0.0.1' and port '3121'.
15:59:15 INFO  : Jtag cable 'Digilent Zed 210248572272' is selected.
15:59:15 INFO  : 'jtag frequency' command is executed.
15:59:15 INFO  : Sourcing of 'C:/Users/Twaga/ECE421/XADC_DMA_FFTredo/XADC_PS.sdk/XADC_PS_wrapper_hw_platform_0/ps7_init.tcl' is done.
15:59:15 INFO  : Context for 'APU' is selected.
15:59:15 INFO  : Hardware design information is loaded from 'C:/Users/Twaga/ECE421/XADC_DMA_FFTredo/XADC_PS.sdk/XADC_PS_wrapper_hw_platform_0/system.hdf'.
15:59:15 INFO  : 'configparams force-mem-access 1' command is executed.
15:59:15 INFO  : Context for 'APU' is selected.
15:59:15 INFO  : 'stop' command is executed.
15:59:15 INFO  : 'ps7_init' command is executed.
15:59:15 INFO  : 'ps7_post_config' command is executed.
15:59:15 INFO  : Context for processor 'ps7_cortexa9_0' is selected.
15:59:16 INFO  : Processor reset is completed for 'ps7_cortexa9_0'.
15:59:16 INFO  : Context for processor 'ps7_cortexa9_0' is selected.
15:59:16 INFO  : The application 'C:/Users/Twaga/ECE421/XADC_DMA_FFTredo/XADC_PS.sdk/xadc_dma_fft/Debug/xadc_dma_fft.elf' is downloaded to processor 'ps7_cortexa9_0'.
15:59:16 INFO  : 'configparams force-mem-access 0' command is executed.
15:59:16 INFO  : ----------------XSDB Script----------------
connect -url tcp:127.0.0.1:3121
source C:/Users/Twaga/ECE421/XADC_DMA_FFTredo/XADC_PS.sdk/XADC_PS_wrapper_hw_platform_0/ps7_init.tcl
targets -set -nocase -filter {name =~"APU*" && jtag_cable_name =~ "Digilent Zed 210248572272"} -index 0
loadhw -hw C:/Users/Twaga/ECE421/XADC_DMA_FFTredo/XADC_PS.sdk/XADC_PS_wrapper_hw_platform_0/system.hdf -mem-ranges [list {0x40000000 0xbfffffff}]
configparams force-mem-access 1
targets -set -nocase -filter {name =~"APU*" && jtag_cable_name =~ "Digilent Zed 210248572272"} -index 0
stop
ps7_init
ps7_post_config
targets -set -nocase -filter {name =~ "ARM*#0" && jtag_cable_name =~ "Digilent Zed 210248572272"} -index 0
rst -processor
targets -set -nocase -filter {name =~ "ARM*#0" && jtag_cable_name =~ "Digilent Zed 210248572272"} -index 0
dow C:/Users/Twaga/ECE421/XADC_DMA_FFTredo/XADC_PS.sdk/xadc_dma_fft/Debug/xadc_dma_fft.elf
configparams force-mem-access 0
----------------End of Script----------------

15:59:16 INFO  : Context for processor 'ps7_cortexa9_0' is selected.
15:59:16 INFO  : 'con' command is executed.
15:59:16 INFO  : ----------------XSDB Script (After Launch)----------------
targets -set -nocase -filter {name =~ "ARM*#0" && jtag_cable_name =~ "Digilent Zed 210248572272"} -index 0
con
----------------End of Script----------------

15:59:16 INFO  : Disconnected from the channel tcfchan#24.
15:59:41 INFO  : 'targets -set -filter {jtag_cable_name =~ "Digilent Zed 210248572272" && level==0} -index 1' command is executed.
15:59:42 INFO  : 'fpga -state' command is executed.
15:59:42 INFO  : Connected to target on host '127.0.0.1' and port '3121'.
15:59:42 INFO  : Jtag cable 'Digilent Zed 210248572272' is selected.
15:59:42 INFO  : 'jtag frequency' command is executed.
15:59:42 INFO  : Sourcing of 'C:/Users/Twaga/ECE421/XADC_DMA_FFTredo/XADC_PS.sdk/XADC_PS_wrapper_hw_platform_0/ps7_init.tcl' is done.
15:59:42 INFO  : Context for 'APU' is selected.
15:59:44 INFO  : Hardware design information is loaded from 'C:/Users/Twaga/ECE421/XADC_DMA_FFTredo/XADC_PS.sdk/XADC_PS_wrapper_hw_platform_0/system.hdf'.
15:59:44 INFO  : 'configparams force-mem-access 1' command is executed.
15:59:44 INFO  : Context for 'APU' is selected.
15:59:44 INFO  : 'stop' command is executed.
15:59:45 INFO  : 'ps7_init' command is executed.
15:59:45 INFO  : 'ps7_post_config' command is executed.
15:59:45 INFO  : Context for processor 'ps7_cortexa9_0' is selected.
15:59:45 INFO  : Processor reset is completed for 'ps7_cortexa9_0'.
15:59:45 INFO  : Context for processor 'ps7_cortexa9_0' is selected.
15:59:45 INFO  : The application 'C:/Users/Twaga/ECE421/XADC_DMA_FFTredo/XADC_PS.sdk/xadc_dma_fft/Debug/xadc_dma_fft.elf' is downloaded to processor 'ps7_cortexa9_0'.
15:59:45 INFO  : 'configparams force-mem-access 0' command is executed.
15:59:45 INFO  : ----------------XSDB Script----------------
connect -url tcp:127.0.0.1:3121
source C:/Users/Twaga/ECE421/XADC_DMA_FFTredo/XADC_PS.sdk/XADC_PS_wrapper_hw_platform_0/ps7_init.tcl
targets -set -nocase -filter {name =~"APU*" && jtag_cable_name =~ "Digilent Zed 210248572272"} -index 0
loadhw -hw C:/Users/Twaga/ECE421/XADC_DMA_FFTredo/XADC_PS.sdk/XADC_PS_wrapper_hw_platform_0/system.hdf -mem-ranges [list {0x40000000 0xbfffffff}]
configparams force-mem-access 1
targets -set -nocase -filter {name =~"APU*" && jtag_cable_name =~ "Digilent Zed 210248572272"} -index 0
stop
ps7_init
ps7_post_config
targets -set -nocase -filter {name =~ "ARM*#0" && jtag_cable_name =~ "Digilent Zed 210248572272"} -index 0
rst -processor
targets -set -nocase -filter {name =~ "ARM*#0" && jtag_cable_name =~ "Digilent Zed 210248572272"} -index 0
dow C:/Users/Twaga/ECE421/XADC_DMA_FFTredo/XADC_PS.sdk/xadc_dma_fft/Debug/xadc_dma_fft.elf
configparams force-mem-access 0
----------------End of Script----------------

15:59:45 INFO  : Context for processor 'ps7_cortexa9_0' is selected.
15:59:45 INFO  : 'con' command is executed.
15:59:45 INFO  : ----------------XSDB Script (After Launch)----------------
targets -set -nocase -filter {name =~ "ARM*#0" && jtag_cable_name =~ "Digilent Zed 210248572272"} -index 0
con
----------------End of Script----------------

15:59:45 INFO  : Disconnected from the channel tcfchan#25.
16:00:23 INFO  : 'targets -set -filter {jtag_cable_name =~ "Digilent Zed 210248572272" && level==0} -index 1' command is executed.
16:00:23 INFO  : 'fpga -state' command is executed.
16:00:23 INFO  : Connected to target on host '127.0.0.1' and port '3121'.
16:00:23 INFO  : Jtag cable 'Digilent Zed 210248572272' is selected.
16:00:23 INFO  : 'jtag frequency' command is executed.
16:00:23 INFO  : Sourcing of 'C:/Users/Twaga/ECE421/XADC_DMA_FFTredo/XADC_PS.sdk/XADC_PS_wrapper_hw_platform_0/ps7_init.tcl' is done.
16:00:23 INFO  : Context for 'APU' is selected.
16:00:25 INFO  : Hardware design information is loaded from 'C:/Users/Twaga/ECE421/XADC_DMA_FFTredo/XADC_PS.sdk/XADC_PS_wrapper_hw_platform_0/system.hdf'.
16:00:25 INFO  : 'configparams force-mem-access 1' command is executed.
16:00:25 INFO  : Context for 'APU' is selected.
16:00:25 INFO  : 'stop' command is executed.
16:00:26 INFO  : 'ps7_init' command is executed.
16:00:26 INFO  : 'ps7_post_config' command is executed.
16:00:26 INFO  : Context for processor 'ps7_cortexa9_0' is selected.
16:00:26 INFO  : Processor reset is completed for 'ps7_cortexa9_0'.
16:00:26 INFO  : Context for processor 'ps7_cortexa9_0' is selected.
16:00:26 INFO  : The application 'C:/Users/Twaga/ECE421/XADC_DMA_FFTredo/XADC_PS.sdk/xadc_dma_fft/Debug/xadc_dma_fft.elf' is downloaded to processor 'ps7_cortexa9_0'.
16:00:26 INFO  : 'configparams force-mem-access 0' command is executed.
16:00:26 INFO  : ----------------XSDB Script----------------
connect -url tcp:127.0.0.1:3121
source C:/Users/Twaga/ECE421/XADC_DMA_FFTredo/XADC_PS.sdk/XADC_PS_wrapper_hw_platform_0/ps7_init.tcl
targets -set -nocase -filter {name =~"APU*" && jtag_cable_name =~ "Digilent Zed 210248572272"} -index 0
loadhw -hw C:/Users/Twaga/ECE421/XADC_DMA_FFTredo/XADC_PS.sdk/XADC_PS_wrapper_hw_platform_0/system.hdf -mem-ranges [list {0x40000000 0xbfffffff}]
configparams force-mem-access 1
targets -set -nocase -filter {name =~"APU*" && jtag_cable_name =~ "Digilent Zed 210248572272"} -index 0
stop
ps7_init
ps7_post_config
targets -set -nocase -filter {name =~ "ARM*#0" && jtag_cable_name =~ "Digilent Zed 210248572272"} -index 0
rst -processor
targets -set -nocase -filter {name =~ "ARM*#0" && jtag_cable_name =~ "Digilent Zed 210248572272"} -index 0
dow C:/Users/Twaga/ECE421/XADC_DMA_FFTredo/XADC_PS.sdk/xadc_dma_fft/Debug/xadc_dma_fft.elf
configparams force-mem-access 0
----------------End of Script----------------

16:00:26 INFO  : Context for processor 'ps7_cortexa9_0' is selected.
16:00:26 INFO  : 'con' command is executed.
16:00:26 INFO  : ----------------XSDB Script (After Launch)----------------
targets -set -nocase -filter {name =~ "ARM*#0" && jtag_cable_name =~ "Digilent Zed 210248572272"} -index 0
con
----------------End of Script----------------

16:00:26 INFO  : Disconnected from the channel tcfchan#26.
16:00:48 INFO  : 'targets -set -filter {jtag_cable_name =~ "Digilent Zed 210248572272" && level==0} -index 1' command is executed.
16:00:48 INFO  : 'fpga -state' command is executed.
16:00:48 ERROR : Failed to connect to hardware server on host '127.0.0.1' and port '3121'.
Reason: 'connect -url tcp:127.0.0.1:3121' is cancelled.
16:00:48 INFO  : ----------------XSDB Script----------------
connect -url tcp:127.0.0.1:3121
----------------End of Script----------------

16:00:58 INFO  : 'targets -set -filter {jtag_cable_name =~ "Digilent Zed 210248572272" && level==0} -index 1' command is executed.
16:00:58 INFO  : 'fpga -state' command is executed.
16:00:58 INFO  : Connected to target on host '127.0.0.1' and port '3121'.
16:00:58 INFO  : Jtag cable 'Digilent Zed 210248572272' is selected.
16:00:58 INFO  : 'jtag frequency' command is executed.
16:00:58 INFO  : Sourcing of 'C:/Users/Twaga/ECE421/XADC_DMA_FFTredo/XADC_PS.sdk/XADC_PS_wrapper_hw_platform_0/ps7_init.tcl' is done.
16:00:58 INFO  : Context for 'APU' is selected.
16:01:01 INFO  : Hardware design information is loaded from 'C:/Users/Twaga/ECE421/XADC_DMA_FFTredo/XADC_PS.sdk/XADC_PS_wrapper_hw_platform_0/system.hdf'.
16:01:01 INFO  : 'configparams force-mem-access 1' command is executed.
16:01:01 INFO  : Context for 'APU' is selected.
16:01:01 INFO  : 'stop' command is executed.
16:01:02 INFO  : 'ps7_init' command is executed.
16:01:02 INFO  : 'ps7_post_config' command is executed.
16:01:02 INFO  : Context for processor 'ps7_cortexa9_0' is selected.
16:01:02 INFO  : Processor reset is completed for 'ps7_cortexa9_0'.
16:01:02 INFO  : Context for processor 'ps7_cortexa9_0' is selected.
16:01:02 INFO  : The application 'C:/Users/Twaga/ECE421/XADC_DMA_FFTredo/XADC_PS.sdk/xadc_dma_fft/Debug/xadc_dma_fft.elf' is downloaded to processor 'ps7_cortexa9_0'.
16:01:02 INFO  : 'configparams force-mem-access 0' command is executed.
16:01:02 INFO  : ----------------XSDB Script----------------
connect -url tcp:127.0.0.1:3121
source C:/Users/Twaga/ECE421/XADC_DMA_FFTredo/XADC_PS.sdk/XADC_PS_wrapper_hw_platform_0/ps7_init.tcl
targets -set -nocase -filter {name =~"APU*" && jtag_cable_name =~ "Digilent Zed 210248572272"} -index 0
loadhw -hw C:/Users/Twaga/ECE421/XADC_DMA_FFTredo/XADC_PS.sdk/XADC_PS_wrapper_hw_platform_0/system.hdf -mem-ranges [list {0x40000000 0xbfffffff}]
configparams force-mem-access 1
targets -set -nocase -filter {name =~"APU*" && jtag_cable_name =~ "Digilent Zed 210248572272"} -index 0
stop
ps7_init
ps7_post_config
targets -set -nocase -filter {name =~ "ARM*#0" && jtag_cable_name =~ "Digilent Zed 210248572272"} -index 0
rst -processor
targets -set -nocase -filter {name =~ "ARM*#0" && jtag_cable_name =~ "Digilent Zed 210248572272"} -index 0
dow C:/Users/Twaga/ECE421/XADC_DMA_FFTredo/XADC_PS.sdk/xadc_dma_fft/Debug/xadc_dma_fft.elf
configparams force-mem-access 0
----------------End of Script----------------

16:01:02 INFO  : Context for processor 'ps7_cortexa9_0' is selected.
16:01:02 INFO  : 'con' command is executed.
16:01:02 INFO  : ----------------XSDB Script (After Launch)----------------
targets -set -nocase -filter {name =~ "ARM*#0" && jtag_cable_name =~ "Digilent Zed 210248572272"} -index 0
con
----------------End of Script----------------

16:01:02 INFO  : Disconnected from the channel tcfchan#27.
16:56:24 INFO  : Connected to target on host '127.0.0.1' and port '3121'.
16:56:24 INFO  : 'targets -set -filter {jtag_cable_name =~ "Digilent Zed 210248572272" && level==0} -index 1' command is executed.
16:56:27 INFO  : FPGA configured successfully with bitstream "C:/Users/Twaga/ECE421/XADC_DMA_FFTredo/XADC_PS.sdk/XADC_PS_wrapper_hw_platform_0/XADC_PS_wrapper.bit"
16:56:40 INFO  : 'targets -set -filter {jtag_cable_name =~ "Digilent Zed 210248572272" && level==0} -index 1' command is executed.
16:56:40 INFO  : 'fpga -state' command is executed.
16:56:40 INFO  : Connected to target on host '127.0.0.1' and port '3121'.
16:56:40 INFO  : Jtag cable 'Digilent Zed 210248572272' is selected.
16:56:40 INFO  : 'jtag frequency' command is executed.
16:56:40 INFO  : Sourcing of 'C:/Users/Twaga/ECE421/XADC_DMA_FFTredo/XADC_PS.sdk/XADC_PS_wrapper_hw_platform_0/ps7_init.tcl' is done.
16:56:40 INFO  : Context for 'APU' is selected.
16:56:40 INFO  : Hardware design information is loaded from 'C:/Users/Twaga/ECE421/XADC_DMA_FFTredo/XADC_PS.sdk/XADC_PS_wrapper_hw_platform_0/system.hdf'.
16:56:40 INFO  : 'configparams force-mem-access 1' command is executed.
16:56:40 INFO  : Context for 'APU' is selected.
16:56:40 INFO  : 'stop' command is executed.
16:56:41 INFO  : 'ps7_init' command is executed.
16:56:41 INFO  : 'ps7_post_config' command is executed.
16:56:41 INFO  : Context for processor 'ps7_cortexa9_0' is selected.
16:56:41 INFO  : Processor reset is completed for 'ps7_cortexa9_0'.
16:56:41 INFO  : Context for processor 'ps7_cortexa9_0' is selected.
16:56:41 INFO  : The application 'C:/Users/Twaga/ECE421/XADC_DMA_FFTredo/XADC_PS.sdk/xadc_dma_fft/Debug/xadc_dma_fft.elf' is downloaded to processor 'ps7_cortexa9_0'.
16:56:41 INFO  : 'configparams force-mem-access 0' command is executed.
16:56:41 INFO  : ----------------XSDB Script----------------
connect -url tcp:127.0.0.1:3121
source C:/Users/Twaga/ECE421/XADC_DMA_FFTredo/XADC_PS.sdk/XADC_PS_wrapper_hw_platform_0/ps7_init.tcl
targets -set -nocase -filter {name =~"APU*" && jtag_cable_name =~ "Digilent Zed 210248572272"} -index 0
loadhw -hw C:/Users/Twaga/ECE421/XADC_DMA_FFTredo/XADC_PS.sdk/XADC_PS_wrapper_hw_platform_0/system.hdf -mem-ranges [list {0x40000000 0xbfffffff}]
configparams force-mem-access 1
targets -set -nocase -filter {name =~"APU*" && jtag_cable_name =~ "Digilent Zed 210248572272"} -index 0
stop
ps7_init
ps7_post_config
targets -set -nocase -filter {name =~ "ARM*#0" && jtag_cable_name =~ "Digilent Zed 210248572272"} -index 0
rst -processor
targets -set -nocase -filter {name =~ "ARM*#0" && jtag_cable_name =~ "Digilent Zed 210248572272"} -index 0
dow C:/Users/Twaga/ECE421/XADC_DMA_FFTredo/XADC_PS.sdk/xadc_dma_fft/Debug/xadc_dma_fft.elf
configparams force-mem-access 0
----------------End of Script----------------

16:56:41 INFO  : Context for processor 'ps7_cortexa9_0' is selected.
16:56:41 INFO  : 'con' command is executed.
16:56:41 INFO  : ----------------XSDB Script (After Launch)----------------
targets -set -nocase -filter {name =~ "ARM*#0" && jtag_cable_name =~ "Digilent Zed 210248572272"} -index 0
con
----------------End of Script----------------

16:56:41 INFO  : Disconnected from the channel tcfchan#28.
18:30:27 INFO  : Connected to target on host '127.0.0.1' and port '3121'.
18:30:27 INFO  : 'targets -set -filter {jtag_cable_name =~ "Digilent Zed 210248553107" && level==0} -index 1' command is executed.
18:30:30 INFO  : FPGA configured successfully with bitstream "C:/Users/Twaga/ECE421/XADC_DMA_FFTredo/XADC_PS.sdk/XADC_PS_wrapper_hw_platform_0/XADC_PS_wrapper.bit"
18:30:41 INFO  : 'targets -set -filter {jtag_cable_name =~ "Digilent Zed 210248553107" && level==0} -index 1' command is executed.
18:30:41 INFO  : 'fpga -state' command is executed.
18:30:41 INFO  : Connected to target on host '127.0.0.1' and port '3121'.
18:30:41 INFO  : Jtag cable 'Digilent Zed 210248553107' is selected.
18:30:41 INFO  : 'jtag frequency' command is executed.
18:30:41 INFO  : Sourcing of 'C:/Users/Twaga/ECE421/XADC_DMA_FFTredo/XADC_PS.sdk/XADC_PS_wrapper_hw_platform_0/ps7_init.tcl' is done.
18:30:41 INFO  : Context for 'APU' is selected.
18:30:41 INFO  : Hardware design information is loaded from 'C:/Users/Twaga/ECE421/XADC_DMA_FFTredo/XADC_PS.sdk/XADC_PS_wrapper_hw_platform_0/system.hdf'.
18:30:41 INFO  : 'configparams force-mem-access 1' command is executed.
18:30:41 INFO  : Context for 'APU' is selected.
18:30:42 INFO  : 'stop' command is executed.
18:30:42 INFO  : 'ps7_init' command is executed.
18:30:43 INFO  : 'ps7_post_config' command is executed.
18:30:43 INFO  : Context for processor 'ps7_cortexa9_0' is selected.
18:30:43 INFO  : Processor reset is completed for 'ps7_cortexa9_0'.
18:30:43 INFO  : Context for processor 'ps7_cortexa9_0' is selected.
18:30:43 INFO  : The application 'C:/Users/Twaga/ECE421/XADC_DMA_FFTredo/XADC_PS.sdk/xadc_dma_fft/Debug/xadc_dma_fft.elf' is downloaded to processor 'ps7_cortexa9_0'.
18:30:43 INFO  : 'configparams force-mem-access 0' command is executed.
18:30:43 INFO  : ----------------XSDB Script----------------
connect -url tcp:127.0.0.1:3121
source C:/Users/Twaga/ECE421/XADC_DMA_FFTredo/XADC_PS.sdk/XADC_PS_wrapper_hw_platform_0/ps7_init.tcl
targets -set -nocase -filter {name =~"APU*" && jtag_cable_name =~ "Digilent Zed 210248553107"} -index 0
loadhw -hw C:/Users/Twaga/ECE421/XADC_DMA_FFTredo/XADC_PS.sdk/XADC_PS_wrapper_hw_platform_0/system.hdf -mem-ranges [list {0x40000000 0xbfffffff}]
configparams force-mem-access 1
targets -set -nocase -filter {name =~"APU*" && jtag_cable_name =~ "Digilent Zed 210248553107"} -index 0
stop
ps7_init
ps7_post_config
targets -set -nocase -filter {name =~ "ARM*#0" && jtag_cable_name =~ "Digilent Zed 210248553107"} -index 0
rst -processor
targets -set -nocase -filter {name =~ "ARM*#0" && jtag_cable_name =~ "Digilent Zed 210248553107"} -index 0
dow C:/Users/Twaga/ECE421/XADC_DMA_FFTredo/XADC_PS.sdk/xadc_dma_fft/Debug/xadc_dma_fft.elf
configparams force-mem-access 0
----------------End of Script----------------

18:30:43 INFO  : Context for processor 'ps7_cortexa9_0' is selected.
18:30:43 INFO  : 'con' command is executed.
18:30:43 INFO  : ----------------XSDB Script (After Launch)----------------
targets -set -nocase -filter {name =~ "ARM*#0" && jtag_cable_name =~ "Digilent Zed 210248553107"} -index 0
con
----------------End of Script----------------

18:30:43 INFO  : Disconnected from the channel tcfchan#29.
18:55:39 INFO  : 'targets -set -filter {jtag_cable_name =~ "Digilent Zed 210248553107" && level==0} -index 1' command is executed.
18:55:39 INFO  : 'fpga -state' command is executed.
18:55:39 INFO  : Connected to target on host '127.0.0.1' and port '3121'.
18:55:39 INFO  : Jtag cable 'Digilent Zed 210248553107' is selected.
18:55:39 INFO  : 'jtag frequency' command is executed.
18:55:39 INFO  : Sourcing of 'C:/Users/Twaga/ECE421/XADC_DMA_FFTredo/XADC_PS.sdk/XADC_PS_wrapper_hw_platform_0/ps7_init.tcl' is done.
18:55:39 INFO  : Context for 'APU' is selected.
18:55:42 INFO  : Hardware design information is loaded from 'C:/Users/Twaga/ECE421/XADC_DMA_FFTredo/XADC_PS.sdk/XADC_PS_wrapper_hw_platform_0/system.hdf'.
18:55:42 INFO  : 'configparams force-mem-access 1' command is executed.
18:55:42 INFO  : Context for 'APU' is selected.
18:55:42 INFO  : 'stop' command is executed.
18:55:42 INFO  : 'ps7_init' command is executed.
18:55:42 INFO  : 'ps7_post_config' command is executed.
18:55:43 INFO  : Context for processor 'ps7_cortexa9_0' is selected.
18:55:43 INFO  : Processor reset is completed for 'ps7_cortexa9_0'.
18:55:43 INFO  : Context for processor 'ps7_cortexa9_0' is selected.
18:55:43 INFO  : The application 'C:/Users/Twaga/ECE421/XADC_DMA_FFTredo/XADC_PS.sdk/xadc_dma_fft/Debug/xadc_dma_fft.elf' is downloaded to processor 'ps7_cortexa9_0'.
18:55:43 INFO  : 'configparams force-mem-access 0' command is executed.
18:55:43 INFO  : ----------------XSDB Script----------------
connect -url tcp:127.0.0.1:3121
source C:/Users/Twaga/ECE421/XADC_DMA_FFTredo/XADC_PS.sdk/XADC_PS_wrapper_hw_platform_0/ps7_init.tcl
targets -set -nocase -filter {name =~"APU*" && jtag_cable_name =~ "Digilent Zed 210248553107"} -index 0
loadhw -hw C:/Users/Twaga/ECE421/XADC_DMA_FFTredo/XADC_PS.sdk/XADC_PS_wrapper_hw_platform_0/system.hdf -mem-ranges [list {0x40000000 0xbfffffff}]
configparams force-mem-access 1
targets -set -nocase -filter {name =~"APU*" && jtag_cable_name =~ "Digilent Zed 210248553107"} -index 0
stop
ps7_init
ps7_post_config
targets -set -nocase -filter {name =~ "ARM*#0" && jtag_cable_name =~ "Digilent Zed 210248553107"} -index 0
rst -processor
targets -set -nocase -filter {name =~ "ARM*#0" && jtag_cable_name =~ "Digilent Zed 210248553107"} -index 0
dow C:/Users/Twaga/ECE421/XADC_DMA_FFTredo/XADC_PS.sdk/xadc_dma_fft/Debug/xadc_dma_fft.elf
configparams force-mem-access 0
----------------End of Script----------------

18:55:43 INFO  : Context for processor 'ps7_cortexa9_0' is selected.
18:55:43 INFO  : 'con' command is executed.
18:55:43 INFO  : ----------------XSDB Script (After Launch)----------------
targets -set -nocase -filter {name =~ "ARM*#0" && jtag_cable_name =~ "Digilent Zed 210248553107"} -index 0
con
----------------End of Script----------------

18:55:43 INFO  : Disconnected from the channel tcfchan#30.
20:32:51 INFO  : Connected to target on host '127.0.0.1' and port '3121'.
20:33:40 INFO  : Connected to target on host '127.0.0.1' and port '3121'.
20:33:40 INFO  : 'targets -set -filter {jtag_cable_name =~ "Digilent Zed 210248553107" && level==0} -index 1' command is executed.
20:33:43 INFO  : FPGA configured successfully with bitstream "C:/Users/Twaga/ECE421/XADC_DMA_FFTredo/XADC_PS.sdk/XADC_PS_wrapper_hw_platform_0/XADC_PS_wrapper.bit"
20:33:52 INFO  : 'targets -set -filter {jtag_cable_name =~ "Digilent Zed 210248553107" && level==0} -index 1' command is executed.
20:33:52 INFO  : 'fpga -state' command is executed.
20:33:52 INFO  : Connected to target on host '127.0.0.1' and port '3121'.
20:33:52 INFO  : Jtag cable 'Digilent Zed 210248553107' is selected.
20:33:52 INFO  : 'jtag frequency' command is executed.
20:33:52 INFO  : Sourcing of 'C:/Users/Twaga/ECE421/XADC_DMA_FFTredo/XADC_PS.sdk/XADC_PS_wrapper_hw_platform_0/ps7_init.tcl' is done.
20:33:52 INFO  : Context for 'APU' is selected.
20:33:52 INFO  : Hardware design information is loaded from 'C:/Users/Twaga/ECE421/XADC_DMA_FFTredo/XADC_PS.sdk/XADC_PS_wrapper_hw_platform_0/system.hdf'.
20:33:52 INFO  : 'configparams force-mem-access 1' command is executed.
20:33:52 INFO  : Context for 'APU' is selected.
20:33:52 INFO  : 'stop' command is executed.
20:33:53 INFO  : 'ps7_init' command is executed.
20:33:53 INFO  : 'ps7_post_config' command is executed.
20:33:53 INFO  : Context for processor 'ps7_cortexa9_0' is selected.
20:33:53 INFO  : Processor reset is completed for 'ps7_cortexa9_0'.
20:33:53 INFO  : Context for processor 'ps7_cortexa9_0' is selected.
20:33:53 INFO  : The application 'C:/Users/Twaga/ECE421/XADC_DMA_FFTredo/XADC_PS.sdk/xadc_dma_fft/Debug/xadc_dma_fft.elf' is downloaded to processor 'ps7_cortexa9_0'.
20:33:53 INFO  : 'configparams force-mem-access 0' command is executed.
20:33:53 INFO  : ----------------XSDB Script----------------
connect -url tcp:127.0.0.1:3121
source C:/Users/Twaga/ECE421/XADC_DMA_FFTredo/XADC_PS.sdk/XADC_PS_wrapper_hw_platform_0/ps7_init.tcl
targets -set -nocase -filter {name =~"APU*" && jtag_cable_name =~ "Digilent Zed 210248553107"} -index 0
loadhw -hw C:/Users/Twaga/ECE421/XADC_DMA_FFTredo/XADC_PS.sdk/XADC_PS_wrapper_hw_platform_0/system.hdf -mem-ranges [list {0x40000000 0xbfffffff}]
configparams force-mem-access 1
targets -set -nocase -filter {name =~"APU*" && jtag_cable_name =~ "Digilent Zed 210248553107"} -index 0
stop
ps7_init
ps7_post_config
targets -set -nocase -filter {name =~ "ARM*#0" && jtag_cable_name =~ "Digilent Zed 210248553107"} -index 0
rst -processor
targets -set -nocase -filter {name =~ "ARM*#0" && jtag_cable_name =~ "Digilent Zed 210248553107"} -index 0
dow C:/Users/Twaga/ECE421/XADC_DMA_FFTredo/XADC_PS.sdk/xadc_dma_fft/Debug/xadc_dma_fft.elf
configparams force-mem-access 0
----------------End of Script----------------

20:33:53 INFO  : Context for processor 'ps7_cortexa9_0' is selected.
20:33:53 INFO  : 'con' command is executed.
20:33:53 INFO  : ----------------XSDB Script (After Launch)----------------
targets -set -nocase -filter {name =~ "ARM*#0" && jtag_cable_name =~ "Digilent Zed 210248553107"} -index 0
con
----------------End of Script----------------

20:33:53 INFO  : Disconnected from the channel tcfchan#31.
19:30:01 INFO  : Registering command handlers for SDK TCF services
19:30:05 INFO  : Launching XSCT server: xsct.bat -interactive C:\Users\Twaga\ECE421\XADC_DMA_FFTredo\XADC_PS.sdk\temp_xsdb_launch_script.tcl
19:30:09 INFO  : XSCT server has started successfully.
19:30:10 INFO  : Processing command line option -hwspec C:/Users/Twaga/ECE421/XADC_DMA_FFTredo/XADC_PS.sdk/XADC_PS_wrapper.hdf.
19:30:10 INFO  : Successfully done setting XSCT server connection channel  
19:30:13 INFO  : Successfully done setting SDK workspace  
19:30:13 INFO  : Checking for hwspec changes in the project XADC_PS_wrapper_hw_platform_0.
17:31:04 INFO  : Registering command handlers for SDK TCF services
17:31:04 INFO  : Launching XSCT server: xsct.bat -interactive C:\Users\Twaga\ECE421\XADC_DMA_FFTredo\XADC_PS.sdk\temp_xsdb_launch_script.tcl
17:31:08 INFO  : XSCT server has started successfully.
17:31:13 INFO  : Successfully done setting XSCT server connection channel  
17:31:13 INFO  : Successfully done setting SDK workspace  
17:31:13 INFO  : Processing command line option -hwspec C:/Users/Twaga/ECE421/XADC_DMA_FFTredo/XADC_PS.sdk/XADC_PS_wrapper.hdf.
17:31:13 INFO  : Checking for hwspec changes in the project XADC_PS_wrapper_hw_platform_0.
