20:39:25 INFO  : Registering command handlers for SDK TCF services
20:39:26 INFO  : Launching XSCT server: xsct.bat -interactive C:\Users\Twaga\ECE421\Lab02\Lab02.sdk\temp_xsdb_launch_script.tcl
20:39:28 INFO  : XSCT server has started successfully.
20:39:28 INFO  : Successfully done setting XSCT server connection channel  
20:39:28 INFO  : Successfully done setting SDK workspace  
20:39:28 INFO  : Processing command line option -hwspec C:/Users/Twaga/ECE421/Lab02/Lab02.sdk/Lab02_wrapper.hdf.
11:54:41 INFO  : Connected to target on host '127.0.0.1' and port '3121'.
11:54:42 INFO  : 'targets -set -filter {jtag_cable_name =~ "Digilent Zed 210248572272" && level==0} -index 1' command is executed.
11:54:44 INFO  : FPGA configured successfully with bitstream "C:/Users/Twaga/ECE421/Lab02/Lab02.sdk/Lab02_wrapper_hw_platform_0/Lab02_wrapper.bit"
11:55:39 INFO  : 'targets -set -filter {jtag_cable_name =~ "Digilent Zed 210248572272" && level==0} -index 1' command is executed.
11:55:39 INFO  : 'fpga -state' command is executed.
11:55:39 INFO  : Connected to target on host '127.0.0.1' and port '3121'.
11:55:39 INFO  : Jtag cable 'Digilent Zed 210248572272' is selected.
11:55:39 INFO  : 'jtag frequency' command is executed.
11:55:39 INFO  : Sourcing of 'C:/Users/Twaga/ECE421/Lab02/Lab02.sdk/Lab02_wrapper_hw_platform_0/ps7_init.tcl' is done.
11:55:39 INFO  : Context for 'APU' is selected.
11:55:39 INFO  : Hardware design information is loaded from 'C:/Users/Twaga/ECE421/Lab02/Lab02.sdk/Lab02_wrapper_hw_platform_0/system.hdf'.
11:55:39 INFO  : 'configparams force-mem-access 1' command is executed.
11:55:39 INFO  : Context for 'APU' is selected.
11:55:39 INFO  : 'stop' command is executed.
11:55:40 INFO  : 'ps7_init' command is executed.
11:55:40 INFO  : 'ps7_post_config' command is executed.
11:55:40 INFO  : Context for processor 'ps7_cortexa9_0' is selected.
11:55:40 INFO  : Processor reset is completed for 'ps7_cortexa9_0'.
11:55:40 INFO  : Context for processor 'ps7_cortexa9_0' is selected.
11:55:40 INFO  : The application 'C:/Users/Twaga/ECE421/Lab02/Lab02.sdk/interrupt_counter_btn/Debug/interrupt_counter_btn.elf' is downloaded to processor 'ps7_cortexa9_0'.
11:55:40 INFO  : 'configparams force-mem-access 0' command is executed.
11:55:40 INFO  : ----------------XSDB Script----------------
connect -url tcp:127.0.0.1:3121
source C:/Users/Twaga/ECE421/Lab02/Lab02.sdk/Lab02_wrapper_hw_platform_0/ps7_init.tcl
targets -set -nocase -filter {name =~"APU*" && jtag_cable_name =~ "Digilent Zed 210248572272"} -index 0
loadhw -hw C:/Users/Twaga/ECE421/Lab02/Lab02.sdk/Lab02_wrapper_hw_platform_0/system.hdf -mem-ranges [list {0x40000000 0xbfffffff}]
configparams force-mem-access 1
targets -set -nocase -filter {name =~"APU*" && jtag_cable_name =~ "Digilent Zed 210248572272"} -index 0
stop
ps7_init
ps7_post_config
targets -set -nocase -filter {name =~ "ARM*#0" && jtag_cable_name =~ "Digilent Zed 210248572272"} -index 0
rst -processor
targets -set -nocase -filter {name =~ "ARM*#0" && jtag_cable_name =~ "Digilent Zed 210248572272"} -index 0
dow C:/Users/Twaga/ECE421/Lab02/Lab02.sdk/interrupt_counter_btn/Debug/interrupt_counter_btn.elf
configparams force-mem-access 0
----------------End of Script----------------

11:55:40 INFO  : Context for processor 'ps7_cortexa9_0' is selected.
11:55:40 INFO  : 'con' command is executed.
11:55:40 INFO  : ----------------XSDB Script (After Launch)----------------
targets -set -nocase -filter {name =~ "ARM*#0" && jtag_cable_name =~ "Digilent Zed 210248572272"} -index 0
con
----------------End of Script----------------

11:55:40 INFO  : Disconnected from the channel tcfchan#1.
12:18:03 INFO  : 'targets -set -filter {jtag_cable_name =~ "Digilent Zed 210248572272" && level==0} -index 1' command is executed.
12:18:03 INFO  : 'fpga -state' command is executed.
12:18:03 INFO  : Connected to target on host '127.0.0.1' and port '3121'.
12:18:03 INFO  : Jtag cable 'Digilent Zed 210248572272' is selected.
12:18:03 INFO  : 'jtag frequency' command is executed.
12:18:03 INFO  : Sourcing of 'C:/Users/Twaga/ECE421/Lab02/Lab02.sdk/Lab02_wrapper_hw_platform_0/ps7_init.tcl' is done.
12:18:03 INFO  : Context for 'APU' is selected.
12:18:06 INFO  : Hardware design information is loaded from 'C:/Users/Twaga/ECE421/Lab02/Lab02.sdk/Lab02_wrapper_hw_platform_0/system.hdf'.
12:18:06 INFO  : 'configparams force-mem-access 1' command is executed.
12:18:06 INFO  : Context for 'APU' is selected.
12:18:06 INFO  : 'stop' command is executed.
12:18:06 INFO  : 'ps7_init' command is executed.
12:18:06 INFO  : 'ps7_post_config' command is executed.
12:18:06 INFO  : Context for processor 'ps7_cortexa9_0' is selected.
12:18:06 INFO  : Processor reset is completed for 'ps7_cortexa9_0'.
12:18:06 INFO  : Context for processor 'ps7_cortexa9_0' is selected.
12:18:07 INFO  : The application 'C:/Users/Twaga/ECE421/Lab02/Lab02.sdk/interrupt_counter_btn/Debug/interrupt_counter_btn.elf' is downloaded to processor 'ps7_cortexa9_0'.
12:18:07 INFO  : 'configparams force-mem-access 0' command is executed.
12:18:07 INFO  : ----------------XSDB Script----------------
connect -url tcp:127.0.0.1:3121
source C:/Users/Twaga/ECE421/Lab02/Lab02.sdk/Lab02_wrapper_hw_platform_0/ps7_init.tcl
targets -set -nocase -filter {name =~"APU*" && jtag_cable_name =~ "Digilent Zed 210248572272"} -index 0
loadhw -hw C:/Users/Twaga/ECE421/Lab02/Lab02.sdk/Lab02_wrapper_hw_platform_0/system.hdf -mem-ranges [list {0x40000000 0xbfffffff}]
configparams force-mem-access 1
targets -set -nocase -filter {name =~"APU*" && jtag_cable_name =~ "Digilent Zed 210248572272"} -index 0
stop
ps7_init
ps7_post_config
targets -set -nocase -filter {name =~ "ARM*#0" && jtag_cable_name =~ "Digilent Zed 210248572272"} -index 0
rst -processor
targets -set -nocase -filter {name =~ "ARM*#0" && jtag_cable_name =~ "Digilent Zed 210248572272"} -index 0
dow C:/Users/Twaga/ECE421/Lab02/Lab02.sdk/interrupt_counter_btn/Debug/interrupt_counter_btn.elf
configparams force-mem-access 0
----------------End of Script----------------

12:18:07 INFO  : Context for processor 'ps7_cortexa9_0' is selected.
12:18:07 INFO  : 'con' command is executed.
12:18:07 INFO  : ----------------XSDB Script (After Launch)----------------
targets -set -nocase -filter {name =~ "ARM*#0" && jtag_cable_name =~ "Digilent Zed 210248572272"} -index 0
con
----------------End of Script----------------

12:18:07 INFO  : Disconnected from the channel tcfchan#2.
12:18:56 INFO  : 'targets -set -filter {jtag_cable_name =~ "Digilent Zed 210248572272" && level==0} -index 1' command is executed.
12:18:56 INFO  : 'fpga -state' command is executed.
12:18:56 INFO  : Connected to target on host '127.0.0.1' and port '3121'.
12:18:56 INFO  : Jtag cable 'Digilent Zed 210248572272' is selected.
12:18:56 INFO  : 'jtag frequency' command is executed.
12:18:56 INFO  : Sourcing of 'C:/Users/Twaga/ECE421/Lab02/Lab02.sdk/Lab02_wrapper_hw_platform_0/ps7_init.tcl' is done.
12:18:56 INFO  : Context for 'APU' is selected.
12:18:58 INFO  : Hardware design information is loaded from 'C:/Users/Twaga/ECE421/Lab02/Lab02.sdk/Lab02_wrapper_hw_platform_0/system.hdf'.
12:18:58 INFO  : 'configparams force-mem-access 1' command is executed.
12:18:58 INFO  : Context for 'APU' is selected.
12:18:58 INFO  : 'stop' command is executed.
12:18:59 INFO  : 'ps7_init' command is executed.
12:18:59 INFO  : 'ps7_post_config' command is executed.
12:18:59 INFO  : Context for processor 'ps7_cortexa9_0' is selected.
12:18:59 INFO  : Processor reset is completed for 'ps7_cortexa9_0'.
12:18:59 INFO  : Context for processor 'ps7_cortexa9_0' is selected.
12:18:59 INFO  : The application 'C:/Users/Twaga/ECE421/Lab02/Lab02.sdk/interrupt_counter_btn/Debug/interrupt_counter_btn.elf' is downloaded to processor 'ps7_cortexa9_0'.
12:18:59 INFO  : 'configparams force-mem-access 0' command is executed.
12:18:59 INFO  : ----------------XSDB Script----------------
connect -url tcp:127.0.0.1:3121
source C:/Users/Twaga/ECE421/Lab02/Lab02.sdk/Lab02_wrapper_hw_platform_0/ps7_init.tcl
targets -set -nocase -filter {name =~"APU*" && jtag_cable_name =~ "Digilent Zed 210248572272"} -index 0
loadhw -hw C:/Users/Twaga/ECE421/Lab02/Lab02.sdk/Lab02_wrapper_hw_platform_0/system.hdf -mem-ranges [list {0x40000000 0xbfffffff}]
configparams force-mem-access 1
targets -set -nocase -filter {name =~"APU*" && jtag_cable_name =~ "Digilent Zed 210248572272"} -index 0
stop
ps7_init
ps7_post_config
targets -set -nocase -filter {name =~ "ARM*#0" && jtag_cable_name =~ "Digilent Zed 210248572272"} -index 0
rst -processor
targets -set -nocase -filter {name =~ "ARM*#0" && jtag_cable_name =~ "Digilent Zed 210248572272"} -index 0
dow C:/Users/Twaga/ECE421/Lab02/Lab02.sdk/interrupt_counter_btn/Debug/interrupt_counter_btn.elf
configparams force-mem-access 0
----------------End of Script----------------

12:19:02 INFO  : Disconnected from the channel tcfchan#3.
12:21:46 INFO  : 'targets -set -filter {jtag_cable_name =~ "Digilent Zed 210248572272" && level==0} -index 1' command is executed.
12:21:46 INFO  : 'fpga -state' command is executed.
12:21:46 INFO  : Connected to target on host '127.0.0.1' and port '3121'.
12:21:47 INFO  : Jtag cable 'Digilent Zed 210248572272' is selected.
12:21:47 INFO  : 'jtag frequency' command is executed.
12:21:47 INFO  : Sourcing of 'C:/Users/Twaga/ECE421/Lab02/Lab02.sdk/Lab02_wrapper_hw_platform_0/ps7_init.tcl' is done.
12:21:47 INFO  : Context for 'APU' is selected.
12:21:49 INFO  : Hardware design information is loaded from 'C:/Users/Twaga/ECE421/Lab02/Lab02.sdk/Lab02_wrapper_hw_platform_0/system.hdf'.
12:21:49 INFO  : 'configparams force-mem-access 1' command is executed.
12:21:49 INFO  : Context for 'APU' is selected.
12:21:49 INFO  : 'stop' command is executed.
12:21:49 INFO  : 'ps7_init' command is executed.
12:21:49 INFO  : 'ps7_post_config' command is executed.
12:21:49 INFO  : Context for processor 'ps7_cortexa9_0' is selected.
12:21:49 INFO  : Processor reset is completed for 'ps7_cortexa9_0'.
12:21:49 INFO  : Context for processor 'ps7_cortexa9_0' is selected.
12:21:49 INFO  : The application 'C:/Users/Twaga/ECE421/Lab02/Lab02.sdk/interrupt_counter_btn/Debug/interrupt_counter_btn.elf' is downloaded to processor 'ps7_cortexa9_0'.
12:21:49 INFO  : 'configparams force-mem-access 0' command is executed.
12:21:49 INFO  : ----------------XSDB Script----------------
connect -url tcp:127.0.0.1:3121
source C:/Users/Twaga/ECE421/Lab02/Lab02.sdk/Lab02_wrapper_hw_platform_0/ps7_init.tcl
targets -set -nocase -filter {name =~"APU*" && jtag_cable_name =~ "Digilent Zed 210248572272"} -index 0
loadhw -hw C:/Users/Twaga/ECE421/Lab02/Lab02.sdk/Lab02_wrapper_hw_platform_0/system.hdf -mem-ranges [list {0x40000000 0xbfffffff}]
configparams force-mem-access 1
targets -set -nocase -filter {name =~"APU*" && jtag_cable_name =~ "Digilent Zed 210248572272"} -index 0
stop
ps7_init
ps7_post_config
targets -set -nocase -filter {name =~ "ARM*#0" && jtag_cable_name =~ "Digilent Zed 210248572272"} -index 0
rst -processor
targets -set -nocase -filter {name =~ "ARM*#0" && jtag_cable_name =~ "Digilent Zed 210248572272"} -index 0
dow C:/Users/Twaga/ECE421/Lab02/Lab02.sdk/interrupt_counter_btn/Debug/interrupt_counter_btn.elf
configparams force-mem-access 0
----------------End of Script----------------

12:21:49 INFO  : Context for processor 'ps7_cortexa9_0' is selected.
12:21:49 INFO  : 'con' command is executed.
12:21:49 INFO  : ----------------XSDB Script (After Launch)----------------
targets -set -nocase -filter {name =~ "ARM*#0" && jtag_cable_name =~ "Digilent Zed 210248572272"} -index 0
con
----------------End of Script----------------

12:21:49 INFO  : Disconnected from the channel tcfchan#4.
14:15:33 INFO  : Connected to target on host '127.0.0.1' and port '3121'.
14:15:33 INFO  : 'targets -set -filter {jtag_cable_name =~ "Digilent Zed 210248553107" && level==0} -index 1' command is executed.
14:15:36 INFO  : FPGA configured successfully with bitstream "C:/Users/Twaga/ECE421/Lab02/Lab02.sdk/Lab02_wrapper_hw_platform_0/Lab02_wrapper.bit"
14:16:01 INFO  : 'targets -set -filter {jtag_cable_name =~ "Digilent Zed 210248553107" && level==0} -index 1' command is executed.
14:16:01 INFO  : 'fpga -state' command is executed.
14:16:01 INFO  : Connected to target on host '127.0.0.1' and port '3121'.
14:16:01 INFO  : Jtag cable 'Digilent Zed 210248553107' is selected.
14:16:01 INFO  : 'jtag frequency' command is executed.
14:16:01 INFO  : Sourcing of 'C:/Users/Twaga/ECE421/Lab02/Lab02.sdk/Lab02_wrapper_hw_platform_0/ps7_init.tcl' is done.
14:16:01 INFO  : Context for 'APU' is selected.
14:16:01 INFO  : Hardware design information is loaded from 'C:/Users/Twaga/ECE421/Lab02/Lab02.sdk/Lab02_wrapper_hw_platform_0/system.hdf'.
14:16:01 INFO  : 'configparams force-mem-access 1' command is executed.
14:16:01 INFO  : Context for 'APU' is selected.
14:16:01 INFO  : 'stop' command is executed.
14:16:02 INFO  : 'ps7_init' command is executed.
14:16:02 INFO  : 'ps7_post_config' command is executed.
14:16:02 INFO  : Context for processor 'ps7_cortexa9_0' is selected.
14:16:02 INFO  : Processor reset is completed for 'ps7_cortexa9_0'.
14:16:02 INFO  : Context for processor 'ps7_cortexa9_0' is selected.
14:16:02 INFO  : The application 'C:/Users/Twaga/ECE421/Lab02/Lab02.sdk/interrupt_counter_btn/Debug/interrupt_counter_btn.elf' is downloaded to processor 'ps7_cortexa9_0'.
14:16:02 INFO  : 'configparams force-mem-access 0' command is executed.
14:16:02 INFO  : ----------------XSDB Script----------------
connect -url tcp:127.0.0.1:3121
source C:/Users/Twaga/ECE421/Lab02/Lab02.sdk/Lab02_wrapper_hw_platform_0/ps7_init.tcl
targets -set -nocase -filter {name =~"APU*" && jtag_cable_name =~ "Digilent Zed 210248553107"} -index 0
loadhw -hw C:/Users/Twaga/ECE421/Lab02/Lab02.sdk/Lab02_wrapper_hw_platform_0/system.hdf -mem-ranges [list {0x40000000 0xbfffffff}]
configparams force-mem-access 1
targets -set -nocase -filter {name =~"APU*" && jtag_cable_name =~ "Digilent Zed 210248553107"} -index 0
stop
ps7_init
ps7_post_config
targets -set -nocase -filter {name =~ "ARM*#0" && jtag_cable_name =~ "Digilent Zed 210248553107"} -index 0
rst -processor
targets -set -nocase -filter {name =~ "ARM*#0" && jtag_cable_name =~ "Digilent Zed 210248553107"} -index 0
dow C:/Users/Twaga/ECE421/Lab02/Lab02.sdk/interrupt_counter_btn/Debug/interrupt_counter_btn.elf
configparams force-mem-access 0
----------------End of Script----------------

14:16:02 INFO  : Context for processor 'ps7_cortexa9_0' is selected.
14:16:02 INFO  : 'con' command is executed.
14:16:02 INFO  : ----------------XSDB Script (After Launch)----------------
targets -set -nocase -filter {name =~ "ARM*#0" && jtag_cable_name =~ "Digilent Zed 210248553107"} -index 0
con
----------------End of Script----------------

14:16:02 INFO  : Disconnected from the channel tcfchan#5.
14:17:01 INFO  : 'targets -set -filter {jtag_cable_name =~ "Digilent Zed 210248553107" && level==0} -index 1' command is executed.
14:17:01 INFO  : 'fpga -state' command is executed.
14:17:01 INFO  : Connected to target on host '127.0.0.1' and port '3121'.
14:17:01 INFO  : Jtag cable 'Digilent Zed 210248553107' is selected.
14:17:01 INFO  : 'jtag frequency' command is executed.
14:17:01 INFO  : Sourcing of 'C:/Users/Twaga/ECE421/Lab02/Lab02.sdk/Lab02_wrapper_hw_platform_0/ps7_init.tcl' is done.
14:17:01 INFO  : Context for 'APU' is selected.
14:17:03 INFO  : Hardware design information is loaded from 'C:/Users/Twaga/ECE421/Lab02/Lab02.sdk/Lab02_wrapper_hw_platform_0/system.hdf'.
14:17:03 INFO  : 'configparams force-mem-access 1' command is executed.
14:17:03 INFO  : Context for 'APU' is selected.
14:17:03 INFO  : 'stop' command is executed.
14:17:04 INFO  : 'ps7_init' command is executed.
14:17:04 INFO  : 'ps7_post_config' command is executed.
14:17:04 INFO  : Context for processor 'ps7_cortexa9_0' is selected.
14:17:04 INFO  : Processor reset is completed for 'ps7_cortexa9_0'.
14:17:04 INFO  : Context for processor 'ps7_cortexa9_0' is selected.
14:17:04 INFO  : The application 'C:/Users/Twaga/ECE421/Lab02/Lab02.sdk/interrupt_counter_btn/Debug/interrupt_counter_btn.elf' is downloaded to processor 'ps7_cortexa9_0'.
14:17:04 INFO  : 'configparams force-mem-access 0' command is executed.
14:17:04 INFO  : ----------------XSDB Script----------------
connect -url tcp:127.0.0.1:3121
source C:/Users/Twaga/ECE421/Lab02/Lab02.sdk/Lab02_wrapper_hw_platform_0/ps7_init.tcl
targets -set -nocase -filter {name =~"APU*" && jtag_cable_name =~ "Digilent Zed 210248553107"} -index 0
loadhw -hw C:/Users/Twaga/ECE421/Lab02/Lab02.sdk/Lab02_wrapper_hw_platform_0/system.hdf -mem-ranges [list {0x40000000 0xbfffffff}]
configparams force-mem-access 1
targets -set -nocase -filter {name =~"APU*" && jtag_cable_name =~ "Digilent Zed 210248553107"} -index 0
stop
ps7_init
ps7_post_config
targets -set -nocase -filter {name =~ "ARM*#0" && jtag_cable_name =~ "Digilent Zed 210248553107"} -index 0
rst -processor
targets -set -nocase -filter {name =~ "ARM*#0" && jtag_cable_name =~ "Digilent Zed 210248553107"} -index 0
dow C:/Users/Twaga/ECE421/Lab02/Lab02.sdk/interrupt_counter_btn/Debug/interrupt_counter_btn.elf
configparams force-mem-access 0
----------------End of Script----------------

14:17:04 INFO  : Context for processor 'ps7_cortexa9_0' is selected.
14:17:04 INFO  : 'con' command is executed.
14:17:04 INFO  : ----------------XSDB Script (After Launch)----------------
targets -set -nocase -filter {name =~ "ARM*#0" && jtag_cable_name =~ "Digilent Zed 210248553107"} -index 0
con
----------------End of Script----------------

14:17:04 INFO  : Disconnected from the channel tcfchan#6.
14:20:20 INFO  : Connected to target on host '127.0.0.1' and port '3121'.
14:20:21 INFO  : 'targets -set -filter {jtag_cable_name =~ "Digilent Zed 210248553107" && level==0} -index 1' command is executed.
14:20:23 INFO  : FPGA configured successfully with bitstream "C:/Users/Twaga/ECE421/Lab02/Lab02.sdk/Lab02_wrapper_hw_platform_0/Lab02_wrapper.bit"
14:20:32 INFO  : 'targets -set -filter {jtag_cable_name =~ "Digilent Zed 210248553107" && level==0} -index 1' command is executed.
14:20:32 INFO  : 'fpga -state' command is executed.
14:20:32 INFO  : Connected to target on host '127.0.0.1' and port '3121'.
14:20:32 INFO  : Jtag cable 'Digilent Zed 210248553107' is selected.
14:20:32 INFO  : 'jtag frequency' command is executed.
14:20:32 INFO  : Sourcing of 'C:/Users/Twaga/ECE421/Lab02/Lab02.sdk/Lab02_wrapper_hw_platform_0/ps7_init.tcl' is done.
14:20:32 INFO  : Context for 'APU' is selected.
14:20:32 INFO  : Hardware design information is loaded from 'C:/Users/Twaga/ECE421/Lab02/Lab02.sdk/Lab02_wrapper_hw_platform_0/system.hdf'.
14:20:32 INFO  : 'configparams force-mem-access 1' command is executed.
14:20:32 INFO  : Context for 'APU' is selected.
14:20:32 INFO  : 'stop' command is executed.
14:20:33 INFO  : 'ps7_init' command is executed.
14:20:33 INFO  : 'ps7_post_config' command is executed.
14:20:33 INFO  : Context for processor 'ps7_cortexa9_0' is selected.
14:20:33 INFO  : Processor reset is completed for 'ps7_cortexa9_0'.
14:20:33 INFO  : Context for processor 'ps7_cortexa9_0' is selected.
14:20:33 INFO  : The application 'C:/Users/Twaga/ECE421/Lab02/Lab02.sdk/interrupt_counter_btn/Debug/interrupt_counter_btn.elf' is downloaded to processor 'ps7_cortexa9_0'.
14:20:33 INFO  : 'configparams force-mem-access 0' command is executed.
14:20:33 INFO  : ----------------XSDB Script----------------
connect -url tcp:127.0.0.1:3121
source C:/Users/Twaga/ECE421/Lab02/Lab02.sdk/Lab02_wrapper_hw_platform_0/ps7_init.tcl
targets -set -nocase -filter {name =~"APU*" && jtag_cable_name =~ "Digilent Zed 210248553107"} -index 0
loadhw -hw C:/Users/Twaga/ECE421/Lab02/Lab02.sdk/Lab02_wrapper_hw_platform_0/system.hdf -mem-ranges [list {0x40000000 0xbfffffff}]
configparams force-mem-access 1
targets -set -nocase -filter {name =~"APU*" && jtag_cable_name =~ "Digilent Zed 210248553107"} -index 0
stop
ps7_init
ps7_post_config
targets -set -nocase -filter {name =~ "ARM*#0" && jtag_cable_name =~ "Digilent Zed 210248553107"} -index 0
rst -processor
targets -set -nocase -filter {name =~ "ARM*#0" && jtag_cable_name =~ "Digilent Zed 210248553107"} -index 0
dow C:/Users/Twaga/ECE421/Lab02/Lab02.sdk/interrupt_counter_btn/Debug/interrupt_counter_btn.elf
configparams force-mem-access 0
----------------End of Script----------------

14:20:33 INFO  : Context for processor 'ps7_cortexa9_0' is selected.
14:20:33 INFO  : 'con' command is executed.
14:20:33 INFO  : ----------------XSDB Script (After Launch)----------------
targets -set -nocase -filter {name =~ "ARM*#0" && jtag_cable_name =~ "Digilent Zed 210248553107"} -index 0
con
----------------End of Script----------------

14:20:33 INFO  : Disconnected from the channel tcfchan#7.
14:21:46 INFO  : Connected to target on host '127.0.0.1' and port '3121'.
14:21:46 INFO  : 'targets -set -filter {jtag_cable_name =~ "Digilent Zed 210248571034" && level==0} -index 1' command is executed.
14:21:49 INFO  : FPGA configured successfully with bitstream "C:/Users/Twaga/ECE421/Lab02/Lab02.sdk/Lab02_wrapper_hw_platform_0/Lab02_wrapper.bit"
14:22:00 INFO  : 'targets -set -filter {jtag_cable_name =~ "Digilent Zed 210248571034" && level==0} -index 1' command is executed.
14:22:00 INFO  : 'fpga -state' command is executed.
14:22:00 INFO  : Connected to target on host '127.0.0.1' and port '3121'.
14:22:00 INFO  : Jtag cable 'Digilent Zed 210248571034' is selected.
14:22:00 INFO  : 'jtag frequency' command is executed.
14:22:00 INFO  : Sourcing of 'C:/Users/Twaga/ECE421/Lab02/Lab02.sdk/Lab02_wrapper_hw_platform_0/ps7_init.tcl' is done.
14:22:00 INFO  : Context for 'APU' is selected.
14:22:01 INFO  : Hardware design information is loaded from 'C:/Users/Twaga/ECE421/Lab02/Lab02.sdk/Lab02_wrapper_hw_platform_0/system.hdf'.
14:22:01 INFO  : 'configparams force-mem-access 1' command is executed.
14:22:01 INFO  : Context for 'APU' is selected.
14:22:01 INFO  : 'stop' command is executed.
14:22:01 INFO  : 'ps7_init' command is executed.
14:22:01 INFO  : 'ps7_post_config' command is executed.
14:22:01 INFO  : Context for processor 'ps7_cortexa9_0' is selected.
14:22:01 INFO  : Processor reset is completed for 'ps7_cortexa9_0'.
14:22:01 INFO  : Context for processor 'ps7_cortexa9_0' is selected.
14:22:01 INFO  : The application 'C:/Users/Twaga/ECE421/Lab02/Lab02.sdk/interrupt_counter_btn/Debug/interrupt_counter_btn.elf' is downloaded to processor 'ps7_cortexa9_0'.
14:22:01 INFO  : 'configparams force-mem-access 0' command is executed.
14:22:01 INFO  : ----------------XSDB Script----------------
connect -url tcp:127.0.0.1:3121
source C:/Users/Twaga/ECE421/Lab02/Lab02.sdk/Lab02_wrapper_hw_platform_0/ps7_init.tcl
targets -set -nocase -filter {name =~"APU*" && jtag_cable_name =~ "Digilent Zed 210248571034"} -index 0
loadhw -hw C:/Users/Twaga/ECE421/Lab02/Lab02.sdk/Lab02_wrapper_hw_platform_0/system.hdf -mem-ranges [list {0x40000000 0xbfffffff}]
configparams force-mem-access 1
targets -set -nocase -filter {name =~"APU*" && jtag_cable_name =~ "Digilent Zed 210248571034"} -index 0
stop
ps7_init
ps7_post_config
targets -set -nocase -filter {name =~ "ARM*#0" && jtag_cable_name =~ "Digilent Zed 210248571034"} -index 0
rst -processor
targets -set -nocase -filter {name =~ "ARM*#0" && jtag_cable_name =~ "Digilent Zed 210248571034"} -index 0
dow C:/Users/Twaga/ECE421/Lab02/Lab02.sdk/interrupt_counter_btn/Debug/interrupt_counter_btn.elf
configparams force-mem-access 0
----------------End of Script----------------

14:22:01 INFO  : Context for processor 'ps7_cortexa9_0' is selected.
14:22:01 INFO  : 'con' command is executed.
14:22:01 INFO  : ----------------XSDB Script (After Launch)----------------
targets -set -nocase -filter {name =~ "ARM*#0" && jtag_cable_name =~ "Digilent Zed 210248571034"} -index 0
con
----------------End of Script----------------

14:22:01 INFO  : Disconnected from the channel tcfchan#8.
