#-----------------------------------------------------------
# Vivado v2019.1 (64-bit)
# SW Build 2552052 on Fri May 24 14:49:42 MDT 2019
# IP Build 2548770 on Fri May 24 18:01:18 MDT 2019
# Start of session at: Mon Apr 28 11:08:10 2025
# Process ID: 29812
# Current directory: C:/Users/Twaga/ECE421/XADC_DMA_FFTredo
# Command line: vivado.exe -gui_launcher_event rodinguilauncherevent51700 C:\Users\Twaga\ECE421\XADC_DMA_FFTredo\XADC_PS.xpr
# Log file: C:/Users/Twaga/ECE421/XADC_DMA_FFTredo/vivado.log
# Journal file: C:/Users/Twaga/ECE421/XADC_DMA_FFTredo\vivado.jou
#-----------------------------------------------------------
start_gui
open_project C:/Users/Twaga/ECE421/XADC_DMA_FFTredo/XADC_PS.xpr
INFO: [Project 1-313] Project file moved from 'C:/Users/Twaga/ECE421/XADC_DMA_FFT' since last save.
Scanning sources...
Finished scanning sources
INFO: [IP_Flow 19-234] Refreshing IP repositories
INFO: [IP_Flow 19-1704] No user IP repositories specified
INFO: [IP_Flow 19-2313] Loaded Vivado IP repository 'C:/Xilinx/Vivado/2019.1/data/ip'.
open_project: Time (s): cpu = 00:00:13 ; elapsed = 00:00:07 . Memory (MB): peak = 787.918 ; gain = 188.273
update_compile_order -fileset sources_1
open_bd_design {C:/Users/Twaga/ECE421/XADC_DMA_FFTredo/XADC_PS.srcs/sources_1/bd/XADC_PS/XADC_PS.bd}
Adding component instance block -- xilinx.com:ip:processing_system7:5.5 - processing_system7_0
Adding component instance block -- xilinx.com:ip:xadc_wiz:3.3 - xadc_wiz_0
Adding component instance block -- xilinx.com:ip:axi_interconnect:2.1 - ps7_0_axi_periph
Adding component instance block -- xilinx.com:ip:axi_crossbar:2.1 - xbar
Adding component instance block -- xilinx.com:ip:axi_protocol_converter:2.1 - auto_pc
Adding component instance block -- xilinx.com:ip:proc_sys_reset:5.0 - rst_ps7_0_100M
Adding component instance block -- xilinx.com:ip:xfft:9.1 - xfft_0
Adding component instance block -- xilinx.com:ip:xlconstant:1.1 - xlconstant_0
Adding component instance block -- xilinx.com:ip:xlconstant:1.1 - xlconstant_1
Adding component instance block -- xilinx.com:ip:axi_dma:7.1 - axi_dma_0
Adding component instance block -- xilinx.com:ip:smartconnect:1.0 - axi_smc
Excluding </processing_system7_0/S_AXI_ACP/ACP_IOP> from </axi_dma_0/Data_MM2S>
Excluding </processing_system7_0/S_AXI_ACP/ACP_M_AXI_GP0> from </axi_dma_0/Data_MM2S>
Excluding </processing_system7_0/S_AXI_ACP/ACP_IOP> from </axi_dma_0/Data_S2MM>
Excluding </processing_system7_0/S_AXI_ACP/ACP_M_AXI_GP0> from </axi_dma_0/Data_S2MM>
Successfully read diagram <XADC_PS> from BD file <C:/Users/Twaga/ECE421/XADC_DMA_FFTredo/XADC_PS.srcs/sources_1/bd/XADC_PS/XADC_PS.bd>
open_bd_design: Time (s): cpu = 00:00:07 ; elapsed = 00:00:07 . Memory (MB): peak = 975.367 ; gain = 34.453
file mkdir C:/Users/Twaga/ECE421/XADC_DMA_FFTredo/XADC_PS.sdk
file copy -force C:/Users/Twaga/ECE421/XADC_DMA_FFTredo/XADC_PS.runs/impl_1/XADC_PS_wrapper.sysdef C:/Users/Twaga/ECE421/XADC_DMA_FFTredo/XADC_PS.sdk/XADC_PS_wrapper.hdf

launch_sdk -workspace C:/Users/Twaga/ECE421/XADC_DMA_FFTredo/XADC_PS.sdk -hwspec C:/Users/Twaga/ECE421/XADC_DMA_FFTredo/XADC_PS.sdk/XADC_PS_wrapper.hdf
INFO: [Vivado 12-393] Launching SDK...
INFO: [Vivado 12-417] Running xsdk -workspace C:/Users/Twaga/ECE421/XADC_DMA_FFTredo/XADC_PS.sdk -hwspec C:/Users/Twaga/ECE421/XADC_DMA_FFTredo/XADC_PS.sdk/XADC_PS_wrapper.hdf
INFO: [Vivado 12-3157] SDK launch initiated. Please check console for any further messages.
INFO: [Device 21-403] Loading part xc7z020clg484-1
exit
INFO: [Common 17-206] Exiting Vivado at Tue Apr 29 19:05:33 2025...
