#-----------------------------------------------------------
# Vivado v2019.1 (64-bit)
# SW Build 2552052 on Fri May 24 14:49:42 MDT 2019
# IP Build 2548770 on Fri May 24 18:01:18 MDT 2019
# Start of session at: Sun Apr 27 21:22:36 2025
# Process ID: 48428
# Current directory: C:/Users/Twaga/ECE421/XADC_DMA_FFT
# Command line: vivado.exe -gui_launcher_event rodinguilauncherevent26076 C:\Users\Twaga\ECE421\XADC_DMA_FFT\XADC_PS.xpr
# Log file: C:/Users/Twaga/ECE421/XADC_DMA_FFT/vivado.log
# Journal file: C:/Users/Twaga/ECE421/XADC_DMA_FFT\vivado.jou
#-----------------------------------------------------------
start_gui
open_project C:/Users/Twaga/ECE421/XADC_DMA_FFT/XADC_PS.xpr
Scanning sources...
Finished scanning sources
INFO: [IP_Flow 19-234] Refreshing IP repositories
INFO: [IP_Flow 19-1704] No user IP repositories specified
INFO: [IP_Flow 19-2313] Loaded Vivado IP repository 'C:/Xilinx/Vivado/2019.1/data/ip'.
open_project: Time (s): cpu = 00:00:19 ; elapsed = 00:00:13 . Memory (MB): peak = 785.461 ; gain = 168.145
update_compile_order -fileset sources_1
launch_sdk -workspace C:/Users/Twaga/ECE421/XADC_DMA_FFT/XADC_PS.sdk -hwspec C:/Users/Twaga/ECE421/XADC_DMA_FFT/XADC_PS.sdk/XADC_PS_wrapper.hdf
INFO: [Vivado 12-393] Launching SDK...
INFO: [Vivado 12-417] Running xsdk -workspace C:/Users/Twaga/ECE421/XADC_DMA_FFT/XADC_PS.sdk -hwspec C:/Users/Twaga/ECE421/XADC_DMA_FFT/XADC_PS.sdk/XADC_PS_wrapper.hdf
INFO: [Vivado 12-3157] SDK launch initiated. Please check console for any further messages.
launch_sdk -workspace C:/Users/Twaga/ECE421/XADC_DMA_FFT/XADC_PS.sdk -hwspec C:/Users/Twaga/ECE421/XADC_DMA_FFT/XADC_PS.sdk/XADC_PS_wrapper.hdf
INFO: [Vivado 12-393] Launching SDK...
INFO: [Vivado 12-417] Running xsdk -workspace C:/Users/Twaga/ECE421/XADC_DMA_FFT/XADC_PS.sdk -hwspec C:/Users/Twaga/ECE421/XADC_DMA_FFT/XADC_PS.sdk/XADC_PS_wrapper.hdf
INFO: [Vivado 12-3157] SDK launch initiated. Please check console for any further messages.
launch_sdk -workspace C:/Users/Twaga/ECE421/XADC_DMA_FFT/XADC_PS.sdk -hwspec C:/Users/Twaga/ECE421/XADC_DMA_FFT/XADC_PS.sdk/XADC_PS_wrapper.hdf
INFO: [Vivado 12-393] Launching SDK...
INFO: [Vivado 12-417] Running xsdk -workspace C:/Users/Twaga/ECE421/XADC_DMA_FFT/XADC_PS.sdk -hwspec C:/Users/Twaga/ECE421/XADC_DMA_FFT/XADC_PS.sdk/XADC_PS_wrapper.hdf
INFO: [Vivado 12-3157] SDK launch initiated. Please check console for any further messages.
launch_sdk -workspace C:/Users/Twaga/ECE421/XADC_DMA_FFT/XADC_PS.sdk -hwspec C:/Users/Twaga/ECE421/XADC_DMA_FFT/XADC_PS.sdk/XADC_PS_wrapper.hdf
INFO: [Vivado 12-393] Launching SDK...
INFO: [Vivado 12-417] Running xsdk -workspace C:/Users/Twaga/ECE421/XADC_DMA_FFT/XADC_PS.sdk -hwspec C:/Users/Twaga/ECE421/XADC_DMA_FFT/XADC_PS.sdk/XADC_PS_wrapper.hdf
INFO: [Vivado 12-3157] SDK launch initiated. Please check console for any further messages.
